[E:26349251-1fbb-442a-8a03-108a75946421] [T:2022-07-09 09:14:20.443290] [U:?] [A:_cert_login admin@org1.com]
[E:ab01a903-278c-49a1-8d31-c2ab9be65b3d] [T:2022-07-09 09:14:20.486070] [U:admin@org1.com] [A:_commands]
[E:4c30a360-37f4-409e-8d65-97524c014d86] [T:2022-07-09 09:14:45.296105] [U:admin@org1.com] [A:check_status server]
[E:99892c88-93bd-4a8c-8ece-0cab4e69c7eb] [T:2022-07-09 09:15:18.344138] [U:admin@org1.com] [A:file_transfer._upload_folder mmar_fed_avg UEsDBBQAAAAAAKlJ6VQAAAAAAAAAAAAAAAAaAAAALi4vLi4vbW1hcl9mZW]
[E:4e3c1c0b-0168-48d1-a83e-9da1a716214a] [T:2022-07-09 09:15:28.666982] [U:admin@org1.com] [A:set_run_number 100]
[E:c056588a-1329-4dc5-a54c-580efffe83c8] [T:2022-07-09 09:15:37.803113] [U:admin@org1.com] [A:deploy_app mmar_fed_avg all]
[E:265cac2d-e205-45a7-8f1c-a65dae4f650c] [T:2022-07-09 09:16:00.112849] [U:admin@org1.com] [A:start_app all]
[E:733e958b-2c5c-4283-9ac4-49b1c6bc8dd3] [T:2022-07-09 09:18:06.039611] [U:admin@org1.com] [A:check_status server]
[E:c3c6c2a8-f788-4cdf-abd2-1b579ab30874] [T:2022-07-09 09:18:10.827629] [U:admin@org1.com] [A:check_status client]
[E:c4724429-a825-4c8c-9255-7af00b8fcd70] [T:2022-07-09 09:18:21.288948] [U:admin@org1.com] [A:abort all]
[E:48a8ec11-0386-4065-9117-a92114727c34] [T:2022-07-09 09:20:23.374007] [U:admin@org1.com] [A:start_app all]
[E:581355f5-904c-48d2-83a5-4f5e9603c3c8] [T:2022-07-09 09:23:42.122287] [U:admin@org1.com] [A:check_status client]
[E:2be34362-44dc-41e5-a922-47298a864cbe] [T:2022-07-09 09:23:47.079998] [U:admin@org1.com] [A:check_status server]
[E:2c91c524-7847-4c2d-aed0-4f7d70d65ca8] [T:2022-07-09 09:49:19.187340] [U:admin@org1.com] [A:set_run_number 101]
[E:4f2efc4b-743a-4fe7-8df4-02b43721a391] [T:2022-07-09 09:49:39.204713] [U:admin@org1.com] [A:file_transfer._upload_folder mmar_fed_prox UEsDBBQAAAAAABpO6VQAAAAAAAAAAAAAAAAbAAAALi4vLi4vbW1hcl9mZ]
[E:1d8a4f8f-e362-4a0f-b262-b690c2e29b7c] [T:2022-07-09 09:49:55.604571] [U:admin@org1.com] [A:deploy_app mmar_fed_prox all]
[E:247c954a-9647-4cd6-ab47-077ce89e0cb1] [T:2022-07-09 09:50:02.666049] [U:admin@org1.com] [A:start_app all]
[E:98b85321-75fa-450b-b459-cfd74ca33640] [T:2022-07-09 09:55:32.671222] [U:admin@org1.com] [A:abort all]
[E:2e7cd161-9aa3-4342-bd58-2a56ccb6b026] [T:2022-07-09 09:55:46.315110] [U:admin@org1.com] [A:check_status server]
[E:267382a1-3891-4916-8319-df510a46c260] [T:2022-07-09 09:55:50.081429] [U:admin@org1.com] [A:check_status client]
[E:a5ac20de-ff1c-40e3-9edc-5f9adb73234d] [T:2022-07-09 09:55:57.862626] [U:admin@org1.com] [A:set_run_number 102]
[E:16e03116-68e2-4ea7-84a8-f2e460a30dce] [T:2022-07-09 09:56:20.844639] [U:admin@org1.com] [A:file_transfer._upload_folder mmar_fed_prox UEsDBBQAAAAAAO1O6VQAAAAAAAAAAAAAAAAbAAAALi4vLi4vbW1hcl9mZ]
[E:1a8fa96e-3a75-4d4b-b160-c449796f6d6e] [T:2022-07-09 09:56:35.932644] [U:admin@org1.com] [A:deploy_app mmar_fed_prox all]
[E:c3018519-7e43-4777-8a6c-7234fa537aad] [T:2022-07-09 09:56:48.607335] [U:admin@org1.com] [A:start_app all]
[E:5c4e74ef-6a3c-4f31-8694-727f45c827cf] [T:2022-07-09 09:59:11.972753] [U:admin@org1.com] [A:abort all]
[E:f139b42b-4aa4-4f7b-b436-538aa4d39fe0] [T:2022-07-09 09:59:21.358884] [U:admin@org1.com] [A:shutdown all]
[E:d8543860-69df-4d28-8637-dbef78a2850f] [T:2022-07-09 09:59:42.349116] [U:?] [A:_cert_login admin@org1.com]
[E:056b3db0-4ef2-4df0-a21c-10a7d0453ef9] [T:2022-07-09 09:59:42.396265] [U:admin@org1.com] [A:_commands]
[E:26832612-8304-4b5d-b2e8-699c9cf814fe] [T:2022-07-09 10:00:10.723841] [U:admin@org1.com] [A:file_transfer._upload_folder mmar_fed_prox UEsDBBQAAAAAAFFP6VQAAAAAAAAAAAAAAAAbAAAALi4vLi4vbW1hcl9mZ]
[E:c583f2e0-d0bf-4e6c-98df-6119d34b98ab] [T:2022-07-09 10:00:17.245213] [U:admin@org1.com] [A:set_run_number 103]
[E:3e22baf0-4354-453b-9825-a16afb05081d] [T:2022-07-09 10:00:22.553142] [U:admin@org1.com] [A:deploy_app mmar_fed_prox all]
[E:a9c8c055-2944-4f88-9506-44d3e143d02c] [T:2022-07-09 10:00:27.427669] [U:admin@org1.com] [A:start_app all]
[E:8b7496c0-25f9-4840-805c-57993039e9c6] [T:2022-07-09 10:01:40.083640] [U:admin@org1.com] [A:set_run_number 104]
[E:1c02a65b-1c51-4132-b730-69d3f32684d0] [T:2022-07-09 10:02:18.234486] [U:admin@org1.com] [A:file_transfer._upload_folder mmar_fed_prox UEsDBBQAAAAAAEJQ6VQAAAAAAAAAAAAAAAAbAAAALi4vLi4vbW1hcl9mZ]
[E:2c89085a-f682-4cd2-9586-dc9f68c256a3] [T:2022-07-09 10:02:23.382791] [U:admin@org1.com] [A:deploy_app mmar_fed_prox all]
[E:100bd3cd-773a-4c3c-9da5-d63251a6cc99] [T:2022-07-09 10:02:28.755114] [U:admin@org1.com] [A:start_app all]
[E:a2068c83-b2f9-46fa-9eaf-0722e488b189] [T:2022-07-09 11:41:07.226730] [U:?] [A:_cert_login admin@org1.com]
[E:b421053b-ca88-460b-8a46-ec9e1cc875a7] [T:2022-07-09 11:41:07.264363] [U:admin@org1.com] [A:_commands]
[E:f4e50451-b1af-42bf-97d7-52bbd3232bd3] [T:2022-07-09 11:42:14.716656] [U:admin@org1.com] [A:check_status server]
[E:548084a0-be92-4463-8910-feca42cb6451] [T:2022-07-09 11:42:23.307732] [U:admin@org1.com] [A:set_run_number 105]
[E:afa84177-64df-448c-a2b2-66f2296c132d] [T:2022-07-09 11:42:29.844237] [U:admin@org1.com] [A:file_transfer._upload_folder mmar_fed_avg UEsDBBQAAAAAAKBY6VQAAAAAAAAAAAAAAAAaAAAALi4vLi4vbW1hcl9mZW]
[E:fe44abe8-ee08-4072-8b64-fa27a7a05612] [T:2022-07-09 11:42:34.230932] [U:admin@org1.com] [A:deploy_app mmar_fed_avg all]
[E:224703ed-7098-41d3-91a4-eff81543c9ad] [T:2022-07-09 11:42:37.931255] [U:admin@org1.com] [A:start_app all]
[E:b8ee86ee-ed0c-4b56-8fe5-e7254cc24808] [T:2022-07-09 11:42:48.765802] [U:admin@org1.com] [A:start_app all]
[E:4a7f2640-9bba-42ef-87c5-05374f4d21c9] [T:2022-07-09 11:44:22.806881] [U:admin@org1.com] [A:abort all]
[E:d97f0c41-da97-416a-bc17-b71592b2fe9e] [T:2022-07-09 11:44:34.772402] [U:admin@org1.com] [A:file_transfer._upload_folder mmar_fed_avg UEsDBBQAAAAAAIdd6VQAAAAAAAAAAAAAAAAaAAAALi4vLi4vbW1hcl9mZW]
[E:0476d107-5729-42f5-808f-ba7f49e51c0e] [T:2022-07-09 11:44:39.203264] [U:admin@org1.com] [A:set_run_number 106]
[E:ea3493ba-481c-4bf1-bc1a-f25eeabb0d9a] [T:2022-07-09 11:44:44.730843] [U:admin@org1.com] [A:deploy_app mmar_fed_avg all]
[E:c04213d2-c356-4801-91e7-4c418cdcc877] [T:2022-07-09 11:44:50.284185] [U:admin@org1.com] [A:start_app all]
[E:171cf390-8cdd-4af7-8b8b-c843809253f7] [T:2022-07-09 11:45:36.983128] [U:admin@org1.com] [A:abort all]
[E:50e98174-1ea2-4266-b55a-d4964e5d1dea] [T:2022-07-09 11:45:50.970791] [U:admin@org1.com] [A:file_transfer._upload_folder mmar_fed_avg UEsDBBQAAAAAAKhd6VQAAAAAAAAAAAAAAAAaAAAALi4vLi4vbW1hcl9mZW]
[E:0241c55e-e46f-458c-914c-13633ee0785b] [T:2022-07-09 11:46:02.192573] [U:admin@org1.com] [A:set_run_number 107]
[E:dde24a60-4f91-4bc8-8930-03f5368103a5] [T:2022-07-09 11:46:06.468285] [U:admin@org1.com] [A:deploy_app mmar_fed_avg all]
[E:b63b09c7-de43-4017-be52-7be660263ab1] [T:2022-07-09 11:46:11.277959] [U:admin@org1.com] [A:start_app all]
[E:f0dae01a-5f30-4025-adb2-17ffc4a9c6d7] [T:2022-07-09 11:48:46.205296] [U:admin@org1.com] [A:set_run_number 108]
[E:e858d436-f017-4a2e-a665-e5a5f88d6d63] [T:2022-07-09 11:48:53.180608] [U:admin@org1.com] [A:file_transfer._upload_folder mmar_fed_avg UEsDBBQAAAAAABVe6VQAAAAAAAAAAAAAAAAaAAAALi4vLi4vbW1hcl9mZW]
[E:8f746318-f917-4dca-b967-63bfc2b8fff7] [T:2022-07-09 11:48:57.794824] [U:admin@org1.com] [A:deploy_app mmar_fed_avg all]
[E:f2074e75-ec0e-427f-aca5-1fb4086e42cf] [T:2022-07-09 11:49:02.118774] [U:admin@org1.com] [A:start_app all]
[E:2dc2baeb-79e1-4c94-8c9a-dbcb8327efa4] [T:2022-07-09 11:49:25.216498] [U:admin@org1.com] [A:abort all]
[E:1624a621-6f5c-4b44-af5d-5bb290476e51] [T:2022-07-09 11:49:31.099635] [U:admin@org1.com] [A:set_run_number 108]
[E:d3b29da9-d0fa-4d40-8bd0-fdbdf9c36bbd] [T:2022-07-09 11:49:39.281259] [U:admin@org1.com] [A:file_transfer._upload_folder mmar_fed_avg UEsDBBQAAAAAABVe6VQAAAAAAAAAAAAAAAAaAAAALi4vLi4vbW1hcl9mZW]
[E:d5392d09-dfcb-4fcf-acf0-43773bbd105b] [T:2022-07-09 11:49:43.108036] [U:admin@org1.com] [A:deploy_app mmar_fed_avg all]
[E:154350b6-2d33-4258-bd14-f93b5a619b06] [T:2022-07-09 11:49:46.903230] [U:admin@org1.com] [A:start_app all]
[E:bf29088b-6d36-4c27-8c49-438d8f36b355] [T:2022-07-09 11:54:50.060214] [U:admin@org1.com] [A:abort all]
[E:b9908ca8-ae1b-4a74-b9f1-226da1d631bb] [T:2022-07-09 11:54:56.475658] [U:admin@org1.com] [A:set_run_number 109]
[E:e6cc2e48-fb8b-4b14-9a3a-17543ea7ab61] [T:2022-07-09 11:55:22.258927] [U:admin@org1.com] [A:file_transfer._upload_folder mmar_fed_avg UEsDBBQAAAAAANZe6VQAAAAAAAAAAAAAAAAaAAAALi4vLi4vbW1hcl9mZW]
[E:55d7ae03-2ed9-470a-940a-6b5d14d87911] [T:2022-07-09 11:55:28.453573] [U:admin@org1.com] [A:deploy_app mmar_fed_avg all]
[E:dd9fb4dc-3d1c-4751-a0f0-a9ece69edfda] [T:2022-07-09 11:55:32.777666] [U:admin@org1.com] [A:start_app all]
[E:e5afc4ac-5873-49ac-ae37-90893321fb57] [T:2022-07-09 11:59:34.256157] [U:admin@org1.com] [A:abort all]
[E:458f241d-45bf-454a-b92e-36e856959bd4] [T:2022-07-09 11:59:41.872826] [U:admin@org1.com] [A:set_run_number 110]
[E:0f9d09b4-522f-4042-9230-1759df733773] [T:2022-07-09 11:59:48.054397] [U:admin@org1.com] [A:file_transfer._upload_folder mmar_fed_avg UEsDBBQAAAAAAGpf6VQAAAAAAAAAAAAAAAAaAAAALi4vLi4vbW1hcl9mZW]
[E:2089071e-a450-456b-9e90-e4326eb3fe47] [T:2022-07-09 11:59:51.926850] [U:admin@org1.com] [A:deploy_app mmar_fed_avg all]
[E:cbb37ecc-4d5c-427b-a8fa-cdd1858c5123] [T:2022-07-09 11:59:56.043808] [U:admin@org1.com] [A:start_app all]
[E:5adbd532-9554-47fe-bbb7-fe353cf0ec36] [T:2022-07-09 12:00:19.146826] [U:admin@org1.com] [A:abort all]
[E:ba61fc60-0e95-40b8-b6b6-bab76c3be2fe] [T:2022-07-09 12:00:59.469723] [U:admin@org1.com] [A:start_app all]
[E:3b88328b-c21b-4cd2-adb4-ad2f2ccfd1e3] [T:2022-07-09 13:24:19.957877] [U:?] [A:_cert_login admin@org1.com]
[E:2da625c5-9530-4f9d-81ac-0cc412a13fb6] [T:2022-07-09 13:24:19.997358] [U:admin@org1.com] [A:_commands]
[E:94988e49-6730-4434-8b0e-f76690567ca1] [T:2022-07-09 13:24:37.459433] [U:admin@org1.com] [A:file_transfer._upload_folder mmar_fed_avg UEsDBBQAAAAAAJBq6VQAAAAAAAAAAAAAAAAaAAAALi4vLi4vbW1hcl9mZW]
[E:628886e3-4b39-4897-a9e7-ba4a57aa751e] [T:2022-07-09 13:24:44.672600] [U:admin@org1.com] [A:set_run_number 111]
[E:a80d64ad-74d5-42e6-8c36-2cd17460ab3f] [T:2022-07-09 13:24:51.002709] [U:admin@org1.com] [A:deploy_app mmar_fed_avg all]
[E:249d0157-bae7-4d8b-9bcc-8629302cd09a] [T:2022-07-09 13:24:56.006496] [U:admin@org1.com] [A:start_app all]
[E:845c568f-e463-49ab-9c54-34408e0762ac] [T:2022-07-09 13:26:02.649323] [U:admin@org1.com] [A:abort all]
[E:1e161389-4778-4492-b138-7705e5f52a41] [T:2022-07-09 13:26:06.968590] [U:admin@org1.com] [A:start_app all]
[E:50a069bf-e06f-4551-95e1-77e08f3cd99f] [T:2022-07-09 13:30:16.701941] [U:admin@org1.com] [A:abort all]
[E:76fb7047-aa30-4baa-a3d5-6be9ac807930] [T:2022-07-09 13:30:33.488034] [U:admin@org1.com] [A:file_transfer._upload_folder mmar_fed_avg UEsDBBQAAAAAAJBq6VQAAAAAAAAAAAAAAAAaAAAALi4vLi4vbW1hcl9mZW]
[E:a29c0c3e-4013-491d-9b44-d4bb679f517b] [T:2022-07-09 13:30:40.293635] [U:admin@org1.com] [A:set_run_number 112]
[E:a0ebcb50-96bf-4527-b9cc-ebcd0c43a246] [T:2022-07-09 13:30:46.332215] [U:admin@org1.com] [A:deploy_app mmar_fed_avg all]
[E:abb77bf3-5e99-4516-8d9b-e740e2025bfe] [T:2022-07-09 13:30:53.304238] [U:admin@org1.com] [A:start_app all]
[E:c145af01-116a-46f6-9962-c65bd5f8abef] [T:2022-07-09 13:33:02.957397] [U:admin@org1.com] [A:abort all]
[E:11d80ff1-636e-4b64-8d9f-9a1eb729d1e4] [T:2022-07-09 13:33:08.541453] [U:admin@org1.com] [A:set_run_number 113]
[E:37c42b87-801d-4539-87d1-6f2cdea4a41b] [T:2022-07-09 13:33:16.258148] [U:admin@org1.com] [A:file_transfer._upload_folder mmar_fed_avg UEsDBBQAAAAAABxs6VQAAAAAAAAAAAAAAAAaAAAALi4vLi4vbW1hcl9mZW]
[E:0ba120ac-8551-41b8-b261-7eac0bb2ce00] [T:2022-07-09 13:33:21.428396] [U:admin@org1.com] [A:deploy_app mmar_fed_avg all]
[E:2ebaffae-e40a-4756-94c3-2a54557a5b15] [T:2022-07-09 13:33:26.694087] [U:admin@org1.com] [A:start_app all]
[E:0358289f-ae9b-433f-bf62-33a877701b80] [T:2022-07-09 13:34:55.613870] [U:admin@org1.com] [A:abort all]
[E:23d5147e-c41f-4a4f-bbbe-5a6536515385] [T:2022-07-09 13:35:02.859057] [U:admin@org1.com] [A:file_transfer._upload_folder mmar_fed_avg UEsDBBQAAAAAAFls6VQAAAAAAAAAAAAAAAAaAAAALi4vLi4vbW1hcl9mZW]
[E:109888d6-08cc-49db-98c0-6d45657aef1d] [T:2022-07-09 13:35:08.694236] [U:admin@org1.com] [A:set_run_number 114]
[E:018eb3f2-bc04-4793-a3a2-b84691fcb124] [T:2022-07-09 13:35:15.807263] [U:admin@org1.com] [A:deploy_app mmar_fed_avg all]
[E:8acf6508-eea6-46d7-889d-cb68daacd79f] [T:2022-07-09 13:35:20.224485] [U:admin@org1.com] [A:start_app all]
[E:00d25b2e-5b77-4cbe-a96c-4040f3f3deaa] [T:2022-07-09 13:36:57.852392] [U:admin@org1.com] [A:abort all]
[E:1bf2fcdc-b3c5-4fa0-8832-212868501cb7] [T:2022-07-09 13:37:16.085017] [U:admin@org1.com] [A:set_run_number 115]
[E:1262bf22-00f9-4145-b7c3-40ad0df81f39] [T:2022-07-09 13:37:21.037303] [U:admin@org1.com] [A:file_transfer._upload_folder mmar_fed_avg UEsDBBQAAAAAAJZs6VQAAAAAAAAAAAAAAAAaAAAALi4vLi4vbW1hcl9mZW]
[E:498779b7-5b89-4c97-8b41-120992cca5bb] [T:2022-07-09 13:37:25.515713] [U:admin@org1.com] [A:deploy_app mmar_fed_avg all]
[E:7c63a51e-cc5e-471c-ae14-fcbf399547fb] [T:2022-07-09 13:37:30.059464] [U:admin@org1.com] [A:start_app all]
[E:50fb0eb8-d2cc-4a05-88b2-8caf32f97f8e] [T:2022-07-09 13:37:59.270076] [U:admin@org1.com] [A:shutdown all]
[E:cba7ae7c-c7eb-407d-b72e-2ed21651d4f0] [T:2022-07-09 18:30:03.150728] [U:?] [A:_cert_login admin@org1.com]
[E:0728b32a-5f90-4747-af57-66986b260cae] [T:2022-07-09 18:30:03.212927] [U:admin@org1.com] [A:_commands]
[E:341399c4-6ce2-4d52-8ae9-0f461a4a99ca] [T:2022-07-09 18:30:41.776725] [U:admin@org1.com] [A:set_run_number 115]
[E:f12f326d-580a-4335-8f40-b045f663aa0a] [T:2022-07-09 18:30:48.306001] [U:admin@org1.com] [A:start_app all]
[E:bd521705-9e03-4ec4-8a0a-244ef0c1f2e0] [T:2022-07-09 18:32:16.316122] [U:admin@org1.com] [A:abort all]
[E:ccf99759-ec68-4869-b62b-de22f9b76ec3] [T:2022-07-09 18:32:21.551813] [U:admin@org1.com] [A:set_run_number 116]
[E:57f4d589-7877-4661-a2a7-35c07334f329] [T:2022-07-09 18:32:31.782922] [U:admin@org1.com] [A:file_transfer._upload_folder mmar_fed_avg UEsDBBQAAAAAAAOU6VQAAAAAAAAAAAAAAAAaAAAALi4vLi4vbW1hcl9mZW]
[E:1a74b0d2-1cf9-4c58-abe1-91e77ff35823] [T:2022-07-09 18:32:37.509663] [U:admin@org1.com] [A:deploy_app mmar_fed_avg all]
[E:d7294e3c-18c3-4199-84c1-a7d8c0e0aa43] [T:2022-07-09 18:32:41.263819] [U:admin@org1.com] [A:start_app all]
[E:dd97dc78-ab2b-4d18-ba07-d4d9e6551129] [T:2022-07-09 18:33:20.751582] [U:admin@org1.com] [A:abort all]
[E:1fadab81-93ad-42ea-9fe1-2c6830f19c4d] [T:2022-07-09 18:33:26.322220] [U:admin@org1.com] [A:file_transfer._upload_folder mmar_fed_avg UEsDBBQAAAAAACeU6VQAAAAAAAAAAAAAAAAaAAAALi4vLi4vbW1hcl9mZW]
[E:a7525f50-4b26-4e89-a612-fadd49ebda83] [T:2022-07-09 18:33:32.086258] [U:admin@org1.com] [A:set_run_number 116]
[E:59aa61fc-ea0c-47b8-8a3b-881f9e449f0d] [T:2022-07-09 18:33:36.270604] [U:admin@org1.com] [A:deploy_app mmar_fed_avg all]
[E:6b063a9c-d93e-45f4-aabc-084dc4b90eb8] [T:2022-07-09 18:33:40.389444] [U:admin@org1.com] [A:start_app all]
[E:178106e2-58b4-4294-a2d9-546179b18d42] [T:2022-07-09 18:36:24.657716] [U:admin@org1.com] [A:shutdown all]
[E:4a1bd1cd-a471-4b53-a004-87b5c8062900] [T:2022-07-09 18:37:10.951928] [U:?] [A:_cert_login admin@org1.com]
[E:183dc0f5-6877-4cfd-952d-d17808e7dab0] [T:2022-07-09 18:37:10.990714] [U:admin@org1.com] [A:_commands]
[E:799b79b4-6300-422f-b510-262a3b60233c] [T:2022-07-09 18:37:18.576843] [U:admin@org1.com] [A:set_run_number 117]
[E:f4f73ac2-6625-47f2-ac90-a1093d0f6a06] [T:2022-07-09 18:37:27.448544] [U:admin@org1.com] [A:file_transfer._upload_folder mmar_fed_avg UEsDBBQAAAAAACeU6VQAAAAAAAAAAAAAAAAaAAAALi4vLi4vbW1hcl9mZW]
[E:df4318b6-ace0-42b5-a987-9d7f11d11b6c] [T:2022-07-09 18:37:31.455026] [U:admin@org1.com] [A:deploy_app mmar_fed_avg all]
[E:a232d128-e688-40df-bcfb-9e3b34d2b37c] [T:2022-07-09 18:37:36.738815] [U:admin@org1.com] [A:start_app all]
[E:81bc60eb-b77b-4368-b43f-70237d4083f5] [T:2022-07-09 18:40:24.745524] [U:admin@org1.com] [A:abort all]
[E:f34c0bb6-dc80-4af8-85e4-08cdbf7eef2a] [T:2022-07-09 18:40:33.678376] [U:admin@org1.com] [A:start_app all]
[E:5750be0b-746c-4cd1-a8ab-53b01955a579] [T:2022-07-09 18:42:45.118886] [U:admin@org1.com] [A:abort all]
[E:0558bd41-862f-4c85-ae77-dee2dce671ab] [T:2022-07-09 18:42:57.721411] [U:admin@org1.com] [A:set_run_number 118]
[E:cf09c284-6445-424c-88d0-0718e753875d] [T:2022-07-09 18:43:04.401395] [U:admin@org1.com] [A:file_transfer._upload_folder mmar_fed_avg UEsDBBQAAAAAAFKV6VQAAAAAAAAAAAAAAAAaAAAALi4vLi4vbW1hcl9mZW]
[E:cdc7470f-43c0-44bf-8678-7b4f23bc2e3a] [T:2022-07-09 18:43:08.504564] [U:admin@org1.com] [A:deploy_app mmar_fed_avg all]
[E:258fefe3-22f2-4305-96d5-3032ab124920] [T:2022-07-09 18:43:13.229231] [U:admin@org1.com] [A:start_app all]
[E:60cf7494-bd83-41f5-926b-438b1e18066f] [T:2022-07-09 18:44:19.958088] [U:admin@org1.com] [A:abort all]
[E:7ff8f412-85ba-4fdc-8827-0b0a7f388c2f] [T:2022-07-09 18:44:23.256412] [U:admin@org1.com] [A:set_run_number 119]
[E:b6886e47-0f5e-4cc8-b182-bcc034f6997c] [T:2022-07-09 18:44:29.445144] [U:admin@org1.com] [A:file_transfer._upload_folder mmar_fed_avg UEsDBBQAAAAAAIaV6VQAAAAAAAAAAAAAAAAaAAAALi4vLi4vbW1hcl9mZW]
[E:d7eaabd6-550c-4b29-bd65-e646fcae2ec9] [T:2022-07-09 18:44:33.978850] [U:admin@org1.com] [A:deploy_app mmar_fed_avg all]
[E:9811be1b-59c4-49d0-91e3-271a337e8ee3] [T:2022-07-09 18:44:39.204844] [U:admin@org1.com] [A:start_app all]
[E:33cbace9-b4f6-400a-8e9b-2960096412b4] [T:2022-07-09 18:45:37.764592] [U:admin@org1.com] [A:abort all]
[E:0e25b377-e44a-41c9-9217-c32579e38964] [T:2022-07-09 18:45:51.189682] [U:admin@org1.com] [A:set_run_number 120]
[E:0137d0ca-0263-4a07-8040-f749ca635438] [T:2022-07-09 18:45:57.075670] [U:admin@org1.com] [A:file_transfer._upload_folder mmar_fed_avg UEsDBBQAAAAAAK+V6VQAAAAAAAAAAAAAAAAaAAAALi4vLi4vbW1hcl9mZW]
[E:f76d1b6f-39a8-4eca-b01a-061814a6c685] [T:2022-07-09 18:46:01.302264] [U:admin@org1.com] [A:deploy_app mmar_fed_avg all]
[E:8e7217ab-95c7-4715-85d3-6d13d54a9655] [T:2022-07-09 18:46:05.286408] [U:admin@org1.com] [A:start_app all]
[E:73b02357-9d07-40f0-881f-c0b126b6c60f] [T:2022-07-09 18:50:06.299017] [U:admin@org1.com] [A:abort all]
[E:bd24c8c7-4ae6-4008-9ea7-a7b822a45fe6] [T:2022-07-09 18:50:11.471365] [U:admin@org1.com] [A:set_run_number 121]
[E:ef32ce58-cf03-4c0a-bee8-d6b22ccd69dc] [T:2022-07-09 18:50:17.510595] [U:admin@org1.com] [A:file_transfer._upload_folder mmar_fed_avg UEsDBBQAAAAAADmW6VQAAAAAAAAAAAAAAAAaAAAALi4vLi4vbW1hcl9mZW]
[E:31d7e452-6630-42be-9ebb-915cfbfbddce] [T:2022-07-09 18:50:22.173371] [U:admin@org1.com] [A:deploy_app mmar_fed_avg all]
[E:0c7cab5c-20e9-4731-a73f-41382eba980b] [T:2022-07-09 18:50:26.479114] [U:admin@org1.com] [A:start_app all]
[E:47868ee8-2667-4261-a666-ba3fb6c2b7ad] [T:2022-07-09 19:05:36.610353] [U:admin@org1.com] [A:abort all]
[E:35e3850c-80e5-4ec4-88b9-5488950a48a9] [T:2022-07-09 19:05:43.325296] [U:admin@org1.com] [A:set_run_number 121]
[E:68d0a0c4-bbe1-49cc-96aa-28e75c0df336] [T:2022-07-09 19:05:47.634829] [U:admin@org1.com] [A:set_run_number 122]
[E:e2614f16-b499-44b2-8906-e4d92fb22643] [T:2022-07-09 19:05:57.017608] [U:admin@org1.com] [A:file_transfer._upload_folder mmar_fed_avg UEsDBBQAAAAAAK+Y6VQAAAAAAAAAAAAAAAAaAAAALi4vLi4vbW1hcl9mZW]
[E:ba4b23d6-b3f8-430c-8c38-aedbec6aa82f] [T:2022-07-09 19:06:02.413427] [U:admin@org1.com] [A:deploy_app mmar_fed_avg all]
[E:745e4792-de88-4419-bf38-dd5e08bda3d1] [T:2022-07-09 19:06:06.562402] [U:admin@org1.com] [A:start_app all]
[E:963a2957-d475-466b-9c7f-b88a88296da5] [T:2022-07-09 19:07:55.171468] [U:admin@org1.com] [A:check_status client]
[E:73ab24da-d5a6-412e-a755-ca38f2321da8] [T:2022-07-09 19:10:24.701453] [U:admin@org1.com] [A:abort all]
[E:dabbb7fe-21ee-4830-9d04-b61508ab5fcf] [T:2022-07-09 19:10:34.813305] [U:admin@org1.com] [A:set_run_number 123]
[E:0119d9af-636a-4af8-a6a6-9e6824e45ee2] [T:2022-07-09 19:10:39.531779] [U:admin@org1.com] [A:file_transfer._upload_folder mmar_fed_avg UEsDBBQAAAAAAEeZ6VQAAAAAAAAAAAAAAAAaAAAALi4vLi4vbW1hcl9mZW]
[E:245b1f36-c18f-4ff1-b3e7-369d43d6051a] [T:2022-07-09 19:10:44.533504] [U:admin@org1.com] [A:deploy_app mmar_fed_avg all]
[E:970a2cc3-6a45-48c5-bc79-23d00e706f74] [T:2022-07-09 19:10:48.503762] [U:admin@org1.com] [A:start_app all]
[E:b7d28b2d-2069-48d2-b35f-02cb8aaa98c9] [T:2022-07-09 19:19:34.336188] [U:admin@org1.com] [A:shutdown all]
[E:3f27de61-657a-40cf-8ebd-f00707426ddb] [T:2022-07-10 08:23:26.003558] [U:?] [A:_cert_login admin@org1.com]
[E:59c8e332-6d20-488b-b520-3a2ff1830617] [T:2022-07-10 08:23:26.041274] [U:admin@org1.com] [A:_commands]
[E:695eca5c-055e-4c5b-b6ed-8e4ad070be0e] [T:2022-07-10 08:31:49.097827] [U:admin@org1.com] [A:set_run_number 104]
[E:5543f7d1-b575-4cec-8f90-f717b55a55c1] [T:2022-07-10 08:31:53.211532] [U:admin@org1.com] [A:start_app all]
[E:fd4b4330-9ff7-4232-8e63-212c5b9dc271] [T:2022-07-10 08:32:44.452495] [U:admin@org1.com] [A:abort all]
[E:c003ebae-13f3-4120-a67d-fdc984ce3717] [T:2022-07-10 08:32:46.083924] [U:admin@org1.com] [A:abort all]
[E:1134f850-9115-4f07-9c9b-2f434fb15f56] [T:2022-07-10 08:32:47.679375] [U:admin@org1.com] [A:start_app all]
[E:00799357-b453-4100-91bf-a114db2d6152] [T:2022-07-10 08:36:14.345937] [U:admin@org1.com] [A:abort all]
[E:53b36ec9-2dfc-4e67-a646-d487b42d0868] [T:2022-07-10 08:36:22.935216] [U:admin@org1.com] [A:start_app all]
[E:2ae4ef39-78a6-4d9b-8bbb-7e9710801738] [T:2022-07-10 08:41:19.753079] [U:admin@org1.com] [A:check_status client]
[E:ef0619fc-0703-460d-b15c-0cd6c97f42d8] [T:2022-07-10 09:25:28.499068] [U:admin@org1.com] [A:check_status client]
[E:46d22c3e-b54b-4858-81a1-ac7133ec78f3] [T:2022-07-10 09:25:46.583516] [U:admin@org1.com] [A:set_run_number 124]
[E:ede300cc-8410-471d-8dc4-1229e5bbb095] [T:2022-07-10 09:26:28.274897] [U:admin@org1.com] [A:file_transfer._upload_folder mmar_fed_prox UEsDBBQAAAAAABxL6lQAAAAAAAAAAAAAAAAbAAAALi4vLi4vbW1hcl9mZ]
[E:c933f02c-9743-4958-b5d3-ca49c16a20fa] [T:2022-07-10 09:26:34.740438] [U:admin@org1.com] [A:deploy_app mmar_fed_prox all]
[E:931cec7b-0f36-4e2b-8bdd-49cde1886312] [T:2022-07-10 09:26:38.857948] [U:admin@org1.com] [A:start_app all]
[E:6c42bf1a-172d-4978-88f3-31d8520367de] [T:2022-07-10 09:27:47.488284] [U:admin@org1.com] [A:abort all]
[E:50c10fbb-f585-4b7d-9317-b44f6f6ec8b2] [T:2022-07-10 09:27:50.662672] [U:admin@org1.com] [A:set_run_number 125]
[E:0cba658f-fd14-4d90-af0b-36ee624c0a14] [T:2022-07-10 09:27:59.898173] [U:admin@org1.com] [A:file_transfer._upload_folder mmar_fed_prox UEsDBBQAAAAAABxL6lQAAAAAAAAAAAAAAAAbAAAALi4vLi4vbW1hcl9mZ]
[E:fcf71dc7-41d4-4070-98c7-fd3aacd88440] [T:2022-07-10 09:28:03.870636] [U:admin@org1.com] [A:deploy_app mmar_fed_prox all]
[E:0908768c-f2bf-4167-81a0-0874d0348fd4] [T:2022-07-10 09:28:07.653664] [U:admin@org1.com] [A:start_app all]
[E:9b8a998d-7c09-4e5e-b5b7-71776539758e] [T:2022-07-10 10:08:52.267833] [U:admin@org1.com] [A:set_run_number 126]
[E:cb8749ba-7429-4d50-bfdb-412075d1c3ab] [T:2022-07-10 10:12:47.657666] [U:admin@org1.com] [A:file_transfer._upload_folder mmar_fed_avg UEsDBBQAAAAAAEeZ6VQAAAAAAAAAAAAAAAAaAAAALi4vLi4vbW1hcl9mZW]
[E:ee23d62e-b408-4860-83c5-121b1964355b] [T:2022-07-10 10:12:54.132122] [U:admin@org1.com] [A:deploy_app mmar_fed_avg all]
[E:9be48fb4-a4c4-49f7-9a22-e2905befda56] [T:2022-07-10 10:12:59.639244] [U:admin@org1.com] [A:start_app all]
[E:3bfcf11d-712d-49c5-aadf-e08535a17b04] [T:2022-07-10 10:32:25.371531] [U:admin@org1.com] [A:abort all]
[E:08c46544-887a-46ff-8985-8c4c97b77d57] [T:2022-07-10 10:32:30.889435] [U:admin@org1.com] [A:set_run_number 126]
[E:093fa31a-9283-4bbb-b840-b2bbe5fb4c46] [T:2022-07-10 10:32:34.271989] [U:admin@org1.com] [A:set_run_number 127]
[E:e61558ea-cc5e-4123-b53c-bb292f07164a] [T:2022-07-10 10:32:50.356360] [U:admin@org1.com] [A:file_transfer._upload_folder mmar_fed_avg UEsDBBQAAAAAAEeZ6VQAAAAAAAAAAAAAAAAaAAAALi4vLi4vbW1hcl9mZW]
[E:6db16988-f7b2-4e18-bfbe-3b72cb850a25] [T:2022-07-10 10:32:54.684677] [U:admin@org1.com] [A:deploy_app mmar_fed_avg all]
[E:9d6f8fc1-9e0d-40d4-8d04-570d6f239619] [T:2022-07-10 10:32:58.281917] [U:admin@org1.com] [A:start_app all]
[E:c4736370-a632-4d6c-8dd3-710b1af2c50d] [T:2022-07-10 11:07:21.251564] [U:admin@org1.com] [A:abort all]
[E:3356f3f8-8887-4487-99ba-b264930e69d8] [T:2022-07-10 11:07:26.507973] [U:admin@org1.com] [A:set_run_number 128]
[E:102cf1b5-b756-496c-9b96-d11c2248ddba] [T:2022-07-10 11:07:34.190030] [U:admin@org1.com] [A:file_transfer._upload_folder mmar_fed_avg UEsDBBQAAAAAAEeZ6VQAAAAAAAAAAAAAAAAaAAAALi4vLi4vbW1hcl9mZW]
[E:6b515bd5-ce5d-44f4-a6a3-62d545343b65] [T:2022-07-10 11:07:39.807413] [U:admin@org1.com] [A:deploy_app mmar_fed_avg all]
[E:c7860146-ae8e-4569-bfdc-8bb42dd58f55] [T:2022-07-10 11:07:46.551047] [U:admin@org1.com] [A:start_app all]
[E:54b937e4-b11f-4976-a53a-2d6518bcbb15] [T:2022-07-10 11:09:06.857801] [U:admin@org1.com] [A:abort all]
[E:46d14359-da09-479c-8063-ca80c9b65318] [T:2022-07-10 11:11:08.129914] [U:admin@org1.com] [A:set_run_number 129]
[E:026d754c-3ec9-4110-bba1-16bb154fc387] [T:2022-07-10 11:11:11.509774] [U:admin@org1.com] [A:file_transfer._upload_folder mmar_fed_avg UEsDBBQAAAAAAFlZ6lQAAAAAAAAAAAAAAAAaAAAALi4vLi4vbW1hcl9mZW]
[E:c97e0d6a-8659-474d-b3ff-40a3b281f849] [T:2022-07-10 11:11:15.330499] [U:admin@org1.com] [A:deploy_app mmar_fed_avg all]
[E:74565a96-7c78-49cc-9f3a-c88c7bc15969] [T:2022-07-10 11:11:18.350759] [U:admin@org1.com] [A:start_app all]
[E:3258ebab-92b2-4da1-8b8d-19899b8fc4cf] [T:2022-07-11 02:08:34.259449] [U:?] [A:_cert_login admin@org1.com]
[E:de00c755-96b0-4a2a-add5-b756f8e8bb35] [T:2022-07-11 02:08:34.296938] [U:admin@org1.com] [A:_commands]
[E:63e0827f-aa37-47e2-a2c3-a868c25f57a5] [T:2022-07-11 02:09:16.407812] [U:admin@org1.com] [A:set_run_number 130]
[E:4e7eaf75-187e-4ebe-933e-fd47db3a4854] [T:2022-07-11 02:09:22.604756] [U:admin@org1.com] [A:file_transfer._upload_folder mmar_fed_avg UEsDBBQAAAAAAFlZ6lQAAAAAAAAAAAAAAAAaAAAALi4vLi4vbW1hcl9mZW]
[E:62fa8bfa-4c1c-498a-aafa-b521df451b8d] [T:2022-07-11 02:09:27.795766] [U:admin@org1.com] [A:deploy_app mmar_fed_avg all]
[E:3d685afb-a34a-4a77-b9ee-1ba002c30e49] [T:2022-07-11 02:09:31.881522] [U:admin@org1.com] [A:start_app all]
[E:e528df14-447d-4d77-8f30-b21fb2fe2a9e] [T:2022-07-11 02:12:17.220034] [U:admin@org1.com] [A:abort all]
[E:565e1049-aece-4d19-9b88-e4355c4d958f] [T:2022-07-11 02:12:21.150512] [U:admin@org1.com] [A:start_app all]
[E:c2c6f2d9-d40c-419b-ba3d-e96a9a897568] [T:2022-07-11 02:13:14.959556] [U:admin@org1.com] [A:abort all]
[E:61b6b9ce-5776-45d5-bc7c-a0420afe2e71] [T:2022-07-11 02:13:25.627935] [U:admin@org1.com] [A:set_run_number 131]
[E:b66bad7c-61c3-4065-89d9-8c73a99114ee] [T:2022-07-11 02:13:33.316072] [U:admin@org1.com] [A:file_transfer._upload_folder mmar_fed_avg UEsDBBQAAAAAAKUR61QAAAAAAAAAAAAAAAAaAAAALi4vLi4vbW1hcl9mZW]
[E:a7b0ded7-c2e7-4dbc-9034-4d4b831b3128] [T:2022-07-11 02:13:38.670624] [U:admin@org1.com] [A:deploy_app mmar_fed_avg all]
[E:9deab06d-7b0d-4c6e-b0a5-2059280afa76] [T:2022-07-11 02:13:43.615995] [U:admin@org1.com] [A:start_app all]
[E:3c40dba4-3563-40bb-8c02-e972213640af] [T:2022-07-11 02:35:17.628527] [U:admin@org1.com] [A:abort all]
[E:74747aa1-3b7b-427e-9ca3-4f3abffa1fbf] [T:2022-07-11 02:35:26.117041] [U:admin@org1.com] [A:shutdown all]
[E:c739ac8f-a595-4cbc-ab00-930846b26e87] [T:2022-07-11 04:23:04.840529] [U:?] [A:_cert_login admin@org1.com]
[E:0a182e32-3f2c-4bde-b390-be610474e0f8] [T:2022-07-11 04:23:04.878481] [U:admin@org1.com] [A:_commands]
[E:8b63c2fe-a0c1-4ee0-bd42-d2dd56d800da] [T:2022-07-11 04:23:24.500806] [U:admin@org1.com] [A:set_run_number 131]
[E:c21f01d0-fc75-413a-aa24-91c0d899569a] [T:2022-07-11 04:23:37.356229] [U:admin@org1.com] [A:set_run_number 131]
[E:5519c679-88bd-4276-b710-036e1993ab5b] [T:2022-07-11 04:23:40.561231] [U:admin@org1.com] [A:start_app all]
[E:0365a4ed-863f-444a-bc3d-c53a9ced8a33] [T:2022-07-11 10:27:22.386413] [U:?] [A:_cert_login admin@org1.com]
[E:737e739f-232d-443c-a95e-0167a575e764] [T:2022-07-11 10:27:22.428126] [U:admin@org1.com] [A:_commands]
[E:595995a7-4943-4311-8b9c-e62f5627fe23] [T:2022-07-11 10:27:30.808204] [U:admin@org1.com] [A:shutdown all]
[E:b9333b46-2945-4e46-85e3-6a481ceeeb69] [T:2022-07-11 10:27:54.994409] [U:?] [A:_cert_login admin@org1.com]
[E:e6f92315-7849-43e6-b912-117d067866f5] [T:2022-07-11 10:27:55.032595] [U:admin@org1.com] [A:_commands]
[E:55d42fa9-8028-44ee-b777-335ece034ab5] [T:2022-07-11 10:28:28.563733] [U:admin@org1.com] [A:set_run_number 132]
[E:31d45bf9-153d-47ad-8de7-fef8a693bdf1] [T:2022-07-11 10:29:49.144976] [U:admin@org1.com] [A:file_transfer._upload_folder mmar_fed_prox UEsDBBQAAAAAAOhY6lQAAAAAAAAAAAAAAAAbAAAALi4vLi4vbW1hcl9mZ]
[E:c10f9a39-abf6-4952-9ec6-6b02c45f83d0] [T:2022-07-11 10:29:54.907543] [U:admin@org1.com] [A:deploy_app mmar_fed_prox all]
[E:06ab4699-39b1-4a90-bde0-5c9aa3b85559] [T:2022-07-11 10:29:59.430571] [U:admin@org1.com] [A:start_app all]
[E:b41f5309-01a1-4232-a26e-bc700c4f1b3d] [T:2022-07-11 10:30:40.437137] [U:admin@org1.com] [A:abort all]
[E:5d709352-33b2-444e-9d74-852ac2ff3677] [T:2022-07-11 10:30:45.540940] [U:admin@org1.com] [A:set_run_number 133]
[E:79076d7d-fb0a-40b3-b6f7-3ab15cefb25e] [T:2022-07-11 10:30:48.437943] [U:admin@org1.com] [A:file_transfer._upload_folder mmar_fed_prox UEsDBBQAAAAAANBT61QAAAAAAAAAAAAAAAAbAAAALi4vLi4vbW1hcl9mZ]
[E:fa65a31b-28fd-49de-b8d1-ce92758d61c6] [T:2022-07-11 10:30:56.139889] [U:admin@org1.com] [A:deploy_app mmar_fed_prox all]
[E:c87d654e-4186-48fc-95d9-581cf1470235] [T:2022-07-11 10:30:59.855437] [U:admin@org1.com] [A:start_app all]
[E:f1c7a0f3-e382-473b-bf12-721fac843220] [T:2022-07-18 08:24:09.740299] [U:?] [A:_cert_login admin@org1.com]
[E:1c1d884e-688c-4d4b-b20e-c6d6757bd32c] [T:2022-07-18 08:24:09.797311] [U:admin@org1.com] [A:_commands]
[E:98a9dc9a-5894-469f-9139-6ede32399bd9] [T:2022-07-18 08:25:02.685740] [U:admin@org1.com] [A:file_transfer._upload_folder mmar_fed_avg UEsDBBQAAAAAAKJC8lQAAAAAAAAAAAAAAAAaAAAALi4vLi4vbW1hcl9mZW]
[E:42d4ff3b-2d76-4b25-ba9c-fb6a56a08397] [T:2022-07-18 08:25:12.490158] [U:admin@org1.com] [A:set_run_number 134]
[E:ad02d091-b896-4b26-aee1-3363a9205f4d] [T:2022-07-18 08:25:17.848260] [U:admin@org1.com] [A:deploy_app mmar_fed_avg all]
[E:95fc87aa-1983-4394-980c-35703156d8ee] [T:2022-07-18 08:25:22.554263] [U:admin@org1.com] [A:start_app all]
[E:3dda8ff5-0a71-4a4a-aca3-a1219b648d93] [T:2022-07-18 08:26:30.732192] [U:admin@org1.com] [A:abort all]
[E:a85a2a05-5267-4698-8ac4-7cb221001d9f] [T:2022-07-18 08:32:07.741460] [U:admin@org1.com] [A:set_run_number 134]
[E:2bc3e1e5-ca2a-431a-85bf-cd163ca563ac] [T:2022-07-18 08:32:13.314549] [U:admin@org1.com] [A:file_transfer._upload_folder mmar_fed_avg UEsDBBQAAAAAAPhD8lQAAAAAAAAAAAAAAAAaAAAALi4vLi4vbW1hcl9mZW]
[E:e5c6dbc3-6255-40aa-9b5c-c6a4c7c67ffa] [T:2022-07-18 08:32:17.769778] [U:admin@org1.com] [A:deploy_app mmar_fed_avg all]
[E:504113e7-8654-4674-be58-a15ed08b7d71] [T:2022-07-18 08:32:26.321439] [U:admin@org1.com] [A:start_app all]
[E:b79d4c87-20aa-426d-946d-f141263ab1b8] [T:2022-07-18 08:35:47.379361] [U:admin@org1.com] [A:abort all]
[E:254b2022-6c41-4b13-a00f-224a2fac7a46] [T:2022-07-18 08:35:55.283563] [U:admin@org1.com] [A:set_run_number 135]
[E:b030e59f-8a04-4cb1-a519-a4a88086b243] [T:2022-07-18 08:36:00.296953] [U:admin@org1.com] [A:file_transfer._upload_folder mmar_fed_avg UEsDBBQAAAAAAGlE8lQAAAAAAAAAAAAAAAAaAAAALi4vLi4vbW1hcl9mZW]
[E:dca5cbf9-cddf-447c-ba10-6bfb9d4521d4] [T:2022-07-18 08:36:04.168220] [U:admin@org1.com] [A:deploy_app mmar_fed_avg all]
[E:475df9c5-9300-4839-8696-84c26216d08f] [T:2022-07-18 08:36:08.429209] [U:admin@org1.com] [A:start_app all]
[E:e1a7cc02-5a3f-45ca-94e9-c1b91cae0597] [T:2022-07-18 08:44:52.989234] [U:admin@org1.com] [A:set_run_number 136]
[E:fa38d297-a95d-4e79-99f9-044ba2c627aa] [T:2022-07-18 08:44:57.335932] [U:admin@org1.com] [A:deploy_app mmar_fed_avg all]
[E:82b2f8c2-2757-47f7-93a6-6478dde1dae4] [T:2022-07-18 08:45:02.915734] [U:admin@org1.com] [A:deploy_app mmar_fed_avg all]
[E:e94dc8a5-380e-42ba-bd73-f72c1cc97dde] [T:2022-07-18 08:45:12.577032] [U:admin@org1.com] [A:start_app all]
[E:0645f0b9-e2b7-4057-a8fc-56a06a962081] [T:2022-07-18 08:55:28.244686] [U:admin@org1.com] [A:set_run_number 136]
[E:3a3d0e91-d061-45a0-ac69-c12f7ab9bdcb] [T:2022-07-18 08:55:34.088057] [U:admin@org1.com] [A:file_transfer._upload_folder mmar_fed_avg UEsDBBQAAAAAAGlE8lQAAAAAAAAAAAAAAAAaAAAALi4vLi4vbW1hcl9mZW]
[E:47cd63f0-4c43-4e6c-ae71-f73b169b042b] [T:2022-07-18 08:55:37.066134] [U:admin@org1.com] [A:deploy_app mmar_fed_avg all]
[E:6e31a57a-fa6b-47fd-826d-bf2b9cd468a9] [T:2022-07-18 08:55:55.637222] [U:admin@org1.com] [A:start_app all]
[E:b98443e6-32aa-4ba7-81ae-b8bfdc12a857] [T:2022-07-18 09:20:01.591563] [U:admin@org1.com] [A:check_status server]
[E:71938fac-68eb-4a2a-9432-ddd0119fcc2e] [T:2022-07-18 09:20:07.529723] [U:admin@org1.com] [A:check_status client]
[E:6c91dd98-d616-4926-a7da-73c9fab2e328] [T:2022-07-18 09:32:51.978409] [U:admin@org1.com] [A:set_run_number 137]
[E:f6a83833-c5c6-43b0-885a-329944443b09] [T:2022-07-18 09:32:58.163229] [U:admin@org1.com] [A:file_transfer._upload_folder mmar_fed_avg UEsDBBQAAAAAAGlE8lQAAAAAAAAAAAAAAAAaAAAALi4vLi4vbW1hcl9mZW]
[E:525fc5d9-0e42-4a46-bb98-65ebd8ef25d0] [T:2022-07-18 09:33:02.203191] [U:admin@org1.com] [A:deploy_app mmar_fed_avg all]
[E:d10dd469-4c42-43cb-9155-8ef3c05e992e] [T:2022-07-18 09:33:23.984852] [U:admin@org1.com] [A:start_app all]
[E:06a6ef68-ccf3-4f2b-9524-947fb99be145] [T:2022-07-18 13:08:04.564025] [U:?] [A:_cert_login admin@org1.com]
[E:8f9cf8a5-e4c7-4648-9a7e-d0741e31e0b7] [T:2022-07-18 13:08:04.601627] [U:admin@org1.com] [A:_commands]
[E:9cf83eaf-f35f-4edb-a04b-f0ea993be0fb] [T:2022-07-18 13:08:22.766618] [U:admin@org1.com] [A:set_run_number 137]
[E:0a568930-ab30-4e8b-bf56-5aa2b4fe69fc] [T:2022-07-18 13:08:25.433600] [U:admin@org1.com] [A:start_app all]
[E:f8a02eea-c726-42f9-97c1-5d3c89d435e9] [T:2022-07-19 10:06:42.121645] [U:?] [A:_cert_login admin@org1.com]
[E:2de9a8bb-3829-4e9a-be17-546ce6beaa2d] [T:2022-07-19 10:06:42.161250] [U:admin@org1.com] [A:_commands]
[E:117922a3-e68e-4d3b-8dd5-0a71172403c5] [T:2022-07-19 10:07:08.807342] [U:admin@org1.com] [A:set_run_number 137]
[E:c6db660e-ecde-42ae-a18c-a92a8166f3c2] [T:2022-07-19 10:07:33.935222] [U:admin@org1.com] [A:file_transfer._upload_folder mmar_fed_avg UEsDBBQAAAAAAGlE8lQAAAAAAAAAAAAAAAAaAAAALi4vLi4vbW1hcl9mZW]
[E:b26b55e0-1e9a-490a-952e-cf5bf5cf4aaa] [T:2022-07-19 10:07:39.375687] [U:admin@org1.com] [A:deploy_app mmar_fed_avg all]
[E:35c7db61-ca0f-425e-bead-b4d4a5723b0d] [T:2022-07-19 10:07:45.264430] [U:admin@org1.com] [A:start_app all]
[E:f93983a2-d847-494e-8cdf-d18f22e1e1eb] [T:2022-07-19 13:17:50.383952] [U:?] [A:_cert_login ]
[E:e7c98f0e-4f74-4d96-bdff-3e610f3b08a8] [T:2022-07-19 13:17:57.982562] [U:?] [A:_cert_login admin@org1.com]
[E:06a70240-7543-4726-8bb7-e0ad60b59571] [T:2022-07-19 13:17:58.018618] [U:admin@org1.com] [A:_commands]
[E:ba13d781-9a53-4d33-92dc-896320b6983e] [T:2022-07-19 13:18:17.514173] [U:admin@org1.com] [A:set_run_number 138]
[E:aa91f153-9ac7-4577-85ed-3e19270a8ff1] [T:2022-07-19 13:18:25.122620] [U:admin@org1.com] [A:file_transfer._upload_folder mmar_fed_prox UEsDBBQAAAAAABJq81QAAAAAAAAAAAAAAAAbAAAALi4vLi4vbW1hcl9mZ]
[E:7cdffe02-2ad9-48e8-947d-3a88fd8ce590] [T:2022-07-19 13:18:29.661111] [U:admin@org1.com] [A:deploy_app mmar_fed_prox all]
[E:bb98428d-6094-4a3a-bf51-3878f33c06a9] [T:2022-07-19 13:19:11.170733] [U:admin@org1.com] [A:start_app all]
[E:d2afcd2b-2d2a-4085-906c-c0cba806756e] [T:2022-07-19 13:20:34.108303] [U:admin@org1.com] [A:abort all]
[E:19aa5f1e-e834-49a7-b0ca-6aa4ad1492e5] [T:2022-07-19 13:20:45.297616] [U:admin@org1.com] [A:set_run_number 139]
[E:6ee65819-c352-4564-b77e-73d34fdbc9c3] [T:2022-07-19 13:21:19.550160] [U:admin@org1.com] [A:file_transfer._upload_folder mmar_fed_prox UEsDBBQAAAAAAItq81QAAAAAAAAAAAAAAAAbAAAALi4vLi4vbW1hcl9mZ]
[E:ba7b45eb-7e6d-4a6f-8628-85ab63213667] [T:2022-07-19 13:21:25.117212] [U:admin@org1.com] [A:deploy_app mmar_fed_prox all]
[E:69ba4ebf-de49-4bc9-8b69-da295ac8fb3d] [T:2022-07-19 13:21:31.766240] [U:admin@org1.com] [A:start_app all]
[E:6bf8a6ce-6f24-4a77-a7bc-ded3b991341b] [T:2022-07-19 13:38:05.148835] [U:admin@org1.com] [A:set_run_number 140]
[E:024f0e59-0ac1-4c89-bfe2-051fc6e8bafc] [T:2022-07-19 13:38:09.517808] [U:admin@org1.com] [A:file_transfer._upload_folder mmar_fed_prox UEsDBBQAAAAAAItq81QAAAAAAAAAAAAAAAAbAAAALi4vLi4vbW1hcl9mZ]
[E:02b9b4bd-eb5e-47b8-9116-57a10f7d7379] [T:2022-07-19 13:38:14.637355] [U:admin@org1.com] [A:deploy_app mmar_fed_prox all]
[E:d27a5083-b51d-4557-bf99-4834659bb433] [T:2022-07-19 13:38:18.799555] [U:admin@org1.com] [A:start_app all]
[E:7cc188b8-30cf-4edf-8a72-20060bcb8138] [T:2022-07-19 15:06:14.493624] [U:?] [A:_cert_login admin@org1.com]
[E:7ddd141f-808b-42fc-95c9-92f2081e4fd5] [T:2022-07-19 15:06:14.531479] [U:admin@org1.com] [A:_commands]
[E:6b0cd240-7c84-472b-b54e-3a02e401787a] [T:2022-07-19 15:06:34.515123] [U:admin@org1.com] [A:set_run_number 141]
[E:b4d159f3-5926-4536-b76d-b5375d3dafdc] [T:2022-07-19 15:06:40.076150] [U:admin@org1.com] [A:file_transfer._upload_folder mmar_fed_prox UEsDBBQAAAAAAItq81QAAAAAAAAAAAAAAAAbAAAALi4vLi4vbW1hcl9mZ]
[E:80fbcd3c-9559-44e3-b6cf-47878356e586] [T:2022-07-19 15:06:44.613542] [U:admin@org1.com] [A:deploy_app mmar_fed_prox all]
[E:28220fb2-d9b3-4e42-8db9-25d31bb2fe2d] [T:2022-07-19 15:06:49.082864] [U:admin@org1.com] [A:start_app all]
[E:b4a4be0c-749c-41ab-8f43-23011d2e0eb5] [T:2022-07-20 02:47:54.432822] [U:?] [A:_cert_login admin@org1.com]
[E:d67e2885-5394-46dc-87d2-565475227bde] [T:2022-07-20 02:47:54.447473] [U:admin@org1.com] [A:_commands]
[E:5058613f-ac16-4c51-9d5a-4eb9d69cf16c] [T:2022-07-20 02:47:59.902281] [U:admin@org1.com] [A:set_run_number 142]
[E:3c2b1bd3-9ebf-441f-9925-d1af87e17ebc] [T:2022-07-20 02:48:07.838472] [U:admin@org1.com] [A:file_transfer._upload_folder mmar_fed_avg UEsDBBQAAAAAAGlE8lQAAAAAAAAAAAAAAAAaAAAALi4vLi4vbW1hcl9mZW]
[E:80646748-2774-4593-aa7c-699db99d9bce] [T:2022-07-20 02:48:13.450867] [U:admin@org1.com] [A:file_transfer._upload_folder mmar_fed_prox UEsDBBQAAAAAAItq81QAAAAAAAAAAAAAAAAbAAAALi4vLi4vbW1hcl9mZ]
[E:fb9eff55-229d-42e9-8533-70db6163f08c] [T:2022-07-20 02:48:18.399311] [U:admin@org1.com] [A:deploy_app mmar_fed_prox all]
[E:523885ed-e280-4310-a45b-edb711ea5704] [T:2022-07-20 02:48:22.959043] [U:admin@org1.com] [A:start_app all]
[E:08d6c65d-9b04-4702-af6d-b1e52f93d193] [T:2022-07-20 14:32:49.912776] [U:?] [A:_cert_login admin@org1.com]
[E:f7d7575c-71f0-4e1e-b274-3d4a84480a7c] [T:2022-07-20 14:32:49.924898] [U:admin@org1.com] [A:_commands]
[E:d244d700-d627-4a1f-ae21-c55cc2910540] [T:2022-07-20 14:32:55.891289] [U:admin@org1.com] [A:shutdown all]
[E:bcc11e41-1df7-4a11-96e3-caa8c9de763a] [T:2022-07-21 14:03:41.491826] [U:?] [A:_cert_login admin@org1.com]
[E:6a022db3-5a91-4a42-aae1-5e73d4accb7a] [T:2022-07-21 14:03:41.528562] [U:admin@org1.com] [A:_commands]
[E:a9ca7d9f-69e5-4b56-9545-7009aa06e9a2] [T:2022-07-21 14:04:18.393689] [U:admin@org1.com] [A:file_transfer._upload_folder mmar_fed_avg UEsDBBQAAAAAAEVw9VQAAAAAAAAAAAAAAAAaAAAALi4vLi4vbW1hcl9mZW]
[E:9899381e-fbef-42f7-bcfe-cc2b00c76be1] [T:2022-07-21 14:04:30.698404] [U:admin@org1.com] [A:set_run_number 143]
[E:a3b37305-a425-4e7e-8453-e98621dfbfc4] [T:2022-07-21 14:04:35.792541] [U:admin@org1.com] [A:deploy_app mmar_fed_avg all]
[E:56cc9a29-f3ca-4330-8bf7-c199e0be55e3] [T:2022-07-21 14:04:39.239563] [U:admin@org1.com] [A:start_app all]
[E:068180ca-2c06-46a0-a03e-b9304ef48a17] [T:2022-07-21 14:05:19.029942] [U:admin@org1.com] [A:abort all]
[E:78b33c61-4ff0-4f30-9fb0-5f295be56961] [T:2022-07-21 14:05:30.570177] [U:admin@org1.com] [A:file_transfer._upload_folder mmar_fed_avg UEsDBBQAAAAAAKVw9VQAAAAAAAAAAAAAAAAaAAAALi4vLi4vbW1hcl9mZW]
[E:820849f5-3f0a-402c-85c5-47e4723aa673] [T:2022-07-21 14:05:40.635142] [U:admin@org1.com] [A:deploy_app mmar_fed_avg all]
[E:a003731d-d102-4ada-bbee-2b4fc27e6244] [T:2022-07-21 14:05:45.056804] [U:admin@org1.com] [A:start_app all]
[E:7659665c-44e1-415d-8df6-0e88c4c70d0a] [T:2022-07-21 14:05:59.535883] [U:admin@org1.com] [A:abort all]
[E:4e286521-8c1a-416f-97c3-7ae4d92e7f2b] [T:2022-07-21 14:06:19.230075] [U:admin@org1.com] [A:file_transfer._upload_folder mmar_fed_avg UEsDBBQAAAAAAKVw9VQAAAAAAAAAAAAAAAAaAAAALi4vLi4vbW1hcl9mZW]
[E:36709357-ba5b-4f16-986b-d4c720aba071] [T:2022-07-21 14:06:21.031124] [U:admin@org1.com] [A:deploy_app mmar_fed_avg all]
[E:c83c64fa-6d39-4f58-8ec3-ad0347f820ec] [T:2022-07-21 14:06:24.488366] [U:admin@org1.com] [A:start_app all]
[E:4c49e4e7-9780-430e-bf47-afda447b8cfd] [T:2022-07-21 14:07:39.378276] [U:admin@org1.com] [A:abort all]
[E:b2813f1e-1604-49ae-a825-9e691dbd6d20] [T:2022-07-21 14:07:44.761160] [U:admin@org1.com] [A:file_transfer._upload_folder mmar_fed_avg UEsDBBQAAAAAAPJw9VQAAAAAAAAAAAAAAAAaAAAALi4vLi4vbW1hcl9mZW]
[E:a28ac3f0-7f1a-4316-b948-1df21a0515b1] [T:2022-07-21 14:07:47.262926] [U:admin@org1.com] [A:deploy_app mmar_fed_avg all]
[E:b97de0e8-ec67-49fd-9438-6cf9580bda5b] [T:2022-07-21 14:07:49.563142] [U:admin@org1.com] [A:start_app all]
[E:a7c46ebb-c1f3-4a2a-8bf4-4913e0e79fd2] [T:2022-07-21 14:09:06.223175] [U:admin@org1.com] [A:file_transfer._upload_folder mmar_fed_avg UEsDBBQAAAAAACBx9VQAAAAAAAAAAAAAAAAaAAAALi4vLi4vbW1hcl9mZW]
[E:e0677432-864f-4dca-bd0a-9bed111fa383] [T:2022-07-21 14:09:07.940776] [U:admin@org1.com] [A:deploy_app mmar_fed_avg all]
[E:36c88866-70c5-4b08-8835-67153d508643] [T:2022-07-21 14:09:09.849419] [U:admin@org1.com] [A:start_app all]
[E:81c27136-3e09-40a1-a8d1-3f8a2c2ebfe6] [T:2022-07-21 14:20:53.211192] [U:admin@org1.com] [A:set_run_number 144]
[E:485c19f9-dd08-4c13-bb2e-029bf734bb12] [T:2022-07-21 14:21:03.070961] [U:admin@org1.com] [A:file_transfer._upload_folder mmar_fed_prox UEsDBBQAAAAAAI5y9VQAAAAAAAAAAAAAAAAbAAAALi4vLi4vbW1hcl9mZ]
[E:edfcbc57-337e-4a7f-bae4-547b97205cc9] [T:2022-07-21 14:21:07.569231] [U:admin@org1.com] [A:deploy_app mmar_fed_prox all]
[E:673d3566-db64-42f3-8084-2a11c0e1188b] [T:2022-07-21 14:21:11.530738] [U:admin@org1.com] [A:abort all]
[E:0772f74b-995d-4051-9702-0a33d1f321c7] [T:2022-07-21 14:21:20.188745] [U:admin@org1.com] [A:start_app all]
[E:3a11fc4f-42f4-468e-a1f2-ce993b78712c] [T:2022-07-21 14:25:47.217559] [U:admin@org1.com] [A:abort all]
[E:b403563d-4f59-406a-b392-f2d744e414f1] [T:2022-07-21 14:25:53.832435] [U:admin@org1.com] [A:file_transfer._upload_folder mmar_fed_prox UEsDBBQAAAAAADVz9VQAAAAAAAAAAAAAAAAbAAAALi4vLi4vbW1hcl9mZ]
[E:50fc259d-d99c-4504-a2be-958ead8bfc2e] [T:2022-07-21 14:26:01.048559] [U:admin@org1.com] [A:deploy_app mmar_fed_prox all]
[E:77502329-950b-471f-bcef-3522a124d52b] [T:2022-07-21 14:26:03.923545] [U:admin@org1.com] [A:start_app all]
[E:fd02d6a4-9e09-4186-a6e7-9e7982cabe41] [T:2022-07-21 14:43:42.402951] [U:admin@org1.com] [A:set_run_number 145]
[E:66a9602d-0416-4556-bc04-f7aaf4c20939] [T:2022-07-21 14:44:12.016984] [U:admin@org1.com] [A:file_transfer._upload_folder mmar_fed_avg UEsDBBQAAAAAAEZy9VQAAAAAAAAAAAAAAAAaAAAALi4vLi4vbW1hcl9mZW]
[E:bafabae7-6566-4436-8b8a-979f61c168f9] [T:2022-07-21 14:44:20.323631] [U:admin@org1.com] [A:deploy_app mmar_fed_avg all]
[E:d77a3aab-199d-44e8-b0e8-5a3a19ac8b3b] [T:2022-07-21 14:44:30.472406] [U:admin@org1.com] [A:start_app all]
[E:ebcbc46f-2a7e-4751-9765-fc43a40546d3] [T:2022-07-21 15:24:53.212490] [U:admin@org1.com] [A:set_run_number 146]
[E:13b4d25b-9a09-4d87-b5f2-7d5fe116b0ec] [T:2022-07-21 15:25:20.359867] [U:admin@org1.com] [A:file_transfer._upload_folder mmar_fed_prox UEsDBBQAAAAAADVz9VQAAAAAAAAAAAAAAAAbAAAALi4vLi4vbW1hcl9mZ]
[E:7fd76962-5299-4319-bd99-68925754bd2f] [T:2022-07-21 15:25:25.145540] [U:admin@org1.com] [A:deploy_app mmar_fed_prox all]
[E:901b6f54-83b5-4661-ba45-e990a21b1b9a] [T:2022-07-21 15:25:38.704476] [U:admin@org1.com] [A:start_app all]
