[E:aa60e2b8-effe-4507-9cc9-278b762955cb] [R:4e3c1c0b-0168-48d1-a83e-9da1a716214a] [T:2022-07-09 09:15:28.833335] [U:admin@org1.com] [A:train.set_run_number]
[E:fc6f9c47-422f-4df7-a2c2-163c54b0e718] [R:c056588a-1329-4dc5-a54c-580efffe83c8] [T:2022-07-09 09:15:38.061729] [U:admin@org1.com] [A:train.deploy]
[E:6286bbad-c286-48a4-af93-584da738ae3d] [R:265cac2d-e205-45a7-8f1c-a65dae4f650c] [T:2022-07-09 09:16:00.617541] [U:admin@org1.com] [A:train.start]
[E:6d6115df-f73a-4822-8bfd-20d30612aeef] [R:c3c6c2a8-f788-4cdf-abd2-1b579ab30874] [T:2022-07-09 09:18:11.172599] [U:admin@org1.com] [A:train.check_status]
[E:306d7390-025a-4f93-a190-32860eaf4a16] [R:c4724429-a825-4c8c-9255-7af00b8fcd70] [T:2022-07-09 09:18:21.421451] [U:admin@org1.com] [A:train.abort]
[E:aab8dd93-175c-4f26-9023-b6610853a4ac] [T:2022-07-09 09:18:24.038087] [U:] [A:__aux_command__]
[E:2061c029-c62e-4ade-bfa5-c3ecd3f17c3b] [R:48a8ec11-0386-4065-9117-a92114727c34] [T:2022-07-09 09:20:24.366699] [U:admin@org1.com] [A:train.start]
[E:99b34adb-7f19-4949-8139-654215fb41da] [T:2022-07-09 09:22:54.864220] [U:] [A:__aux_command__]
[E:be29d361-e829-4a28-9048-4467ad8ef09f] [R:581355f5-904c-48d2-83a5-4f5e9603c3c8] [T:2022-07-09 09:23:42.979012] [U:admin@org1.com] [A:train.check_status]
[E:fec7fe85-15c8-466b-a474-50fb49c44317] [R:2c91c524-7847-4c2d-aed0-4f7d70d65ca8] [T:2022-07-09 09:49:20.090604] [U:admin@org1.com] [A:train.set_run_number]
[E:2abdc49d-b287-48fc-b546-09367eae8682] [R:1d8a4f8f-e362-4a0f-b262-b690c2e29b7c] [T:2022-07-09 09:49:55.867039] [U:admin@org1.com] [A:train.deploy]
[E:fd185b34-ee6c-437b-ab98-8f98ba79f2a4] [R:247c954a-9647-4cd6-ab47-077ce89e0cb1] [T:2022-07-09 09:50:03.094440] [U:admin@org1.com] [A:train.start]
[E:c71fc41f-39ca-46d3-800d-7835f76f2195] [T:2022-07-09 09:50:43.496590] [U:] [A:__aux_command__]
[E:0d0c44ce-d795-4e69-84d8-be5ee9e87ab3] [R:267382a1-3891-4916-8319-df510a46c260] [T:2022-07-09 09:55:50.186973] [U:admin@org1.com] [A:train.check_status]
[E:74436166-9342-4862-92c7-d0d067d3dcb0] [R:a5ac20de-ff1c-40e3-9edc-5f9adb73234d] [T:2022-07-09 09:55:57.912902] [U:admin@org1.com] [A:train.set_run_number]
[E:10eb6d08-0367-4809-a857-6f71e2224def] [R:1a8fa96e-3a75-4d4b-b160-c449796f6d6e] [T:2022-07-09 09:56:36.495254] [U:admin@org1.com] [A:train.deploy]
[E:7dd34c80-721a-4ffc-bacf-5ca14c0ace13] [R:c3018519-7e43-4777-8a6c-7234fa537aad] [T:2022-07-09 09:56:49.332714] [U:admin@org1.com] [A:train.start]
[E:3a34c422-0652-4697-95bb-adcf06ab0e69] [T:2022-07-09 09:57:28.732976] [U:] [A:__aux_command__]
[E:ad1fc413-a0b6-41ac-89f7-818f9e9ef550] [R:f139b42b-4aa4-4f7b-b436-538aa4d39fe0] [T:2022-07-09 09:59:21.910495] [U:admin@org1.com] [A:train.shutdown]
[E:c983200d-dd25-4f53-82ed-5e79c8d2b139] [R:c583f2e0-d0bf-4e6c-98df-6119d34b98ab] [T:2022-07-09 10:00:17.797270] [U:admin@org1.com] [A:train.set_run_number]
[E:1ca38bdd-a1d3-4277-bda2-379a2b2d2cb4] [R:3e22baf0-4354-453b-9825-a16afb05081d] [T:2022-07-09 10:00:22.917837] [U:admin@org1.com] [A:train.deploy]
[E:d6c57d6c-fbdc-4d7b-9239-e35a437ecef6] [R:a9c8c055-2944-4f88-9506-44d3e143d02c] [T:2022-07-09 10:00:28.042298] [U:admin@org1.com] [A:train.start]
[E:fc209f83-cea5-4d37-875b-0e783e21a7c8] [T:2022-07-09 10:01:06.442662] [U:] [A:__aux_command__]
[E:b1393834-dfb9-413b-a4c4-28001ec252a8] [R:8b7496c0-25f9-4840-805c-57993039e9c6] [T:2022-07-09 10:01:40.195010] [U:admin@org1.com] [A:train.set_run_number]
[E:403a18ee-c7d4-4524-9439-1c5d921c28c3] [R:2c89085a-f682-4cd2-9586-dc9f68c256a3] [T:2022-07-09 10:02:24.286032] [U:admin@org1.com] [A:train.deploy]
[E:2dde8111-64a2-4e45-be84-cb49017fb3a6] [R:100bd3cd-773a-4c3c-9da5-d63251a6cc99] [T:2022-07-09 10:02:29.409637] [U:admin@org1.com] [A:train.start]
[E:2ef99050-d873-4158-9fcf-e8733107787f] [T:2022-07-09 10:06:29.461124] [U:] [A:__aux_command__]
[E:99e6774a-75ab-48cc-914e-f66e66926ef7] [R:548084a0-be92-4463-8910-feca42cb6451] [T:2022-07-09 11:42:23.516559] [U:admin@org1.com] [A:train.set_run_number]
[E:a54e5cbc-e260-4cef-a2ec-f764e1f6bf0f] [R:fe44abe8-ee08-4072-8b64-fa27a7a05612] [T:2022-07-09 11:42:34.748243] [U:admin@org1.com] [A:train.deploy]
[E:e125d680-fd23-4fdc-ab2d-72e4a8fd431b] [R:224703ed-7098-41d3-91a4-eff81543c9ad] [T:2022-07-09 11:42:38.370671] [U:admin@org1.com] [A:train.start]
[E:88f32fe0-251b-4a86-8684-0858b1365c88] [R:4a7f2640-9bba-42ef-87c5-05374f4d21c9] [T:2022-07-09 11:44:23.291867] [U:admin@org1.com] [A:train.abort]
[E:9167e243-54c1-45bc-bc37-232ef5e63e96] [T:2022-07-09 11:44:25.807606] [U:] [A:__aux_command__]
[E:43da5095-c507-4838-af73-595bf0f0862f] [R:0476d107-5729-42f5-808f-ba7f49e51c0e] [T:2022-07-09 11:44:39.643851] [U:admin@org1.com] [A:train.set_run_number]
[E:2d0c456a-60f9-4f7a-8a27-f9ae6ab7dbf0] [R:ea3493ba-481c-4bf1-bc1a-f25eeabb0d9a] [T:2022-07-09 11:44:44.764095] [U:admin@org1.com] [A:train.deploy]
[E:a72876cf-fb74-4101-b49d-15877e9444e3] [R:c04213d2-c356-4801-91e7-4c418cdcc877] [T:2022-07-09 11:44:50.990301] [U:admin@org1.com] [A:train.start]
[E:5f2b27d9-319e-4552-8230-1281e3619772] [R:171cf390-8cdd-4af7-8b8b-c843809253f7] [T:2022-07-09 11:45:37.499752] [U:admin@org1.com] [A:train.abort]
[E:621780e2-d06c-4db3-a088-aa0904ea13f6] [T:2022-07-09 11:45:40.115749] [U:] [A:__aux_command__]
[E:0c98b641-1f02-4226-b649-02c7cf417084] [R:0241c55e-e46f-458c-914c-13633ee0785b] [T:2022-07-09 11:46:02.668379] [U:admin@org1.com] [A:train.set_run_number]
[E:2d0c72ec-7053-47a3-8178-5e8bd739f002] [R:dde24a60-4f91-4bc8-8930-03f5368103a5] [T:2022-07-09 11:46:06.686570] [U:admin@org1.com] [A:train.deploy]
[E:0ccf3be0-5f99-4dfd-8560-4e9d9d9d57ee] [R:b63b09c7-de43-4017-be52-7be660263ab1] [T:2022-07-09 11:46:11.810738] [U:admin@org1.com] [A:train.start]
[E:dc56f32b-67f3-489a-8625-8dd9b3aa7c8f] [R:f0dae01a-5f30-4025-adb2-17ffc4a9c6d7] [T:2022-07-09 11:48:46.420229] [U:admin@org1.com] [A:train.set_run_number]
[E:ecb24d19-657c-4e2e-a2c8-77e28e43700b] [R:8f746318-f917-4dca-b967-63bfc2b8fff7] [T:2022-07-09 11:48:58.252967] [U:admin@org1.com] [A:train.deploy]
[E:53afc137-25d8-4586-9650-f4346d2e305d] [R:2dc2baeb-79e1-4c94-8c9a-dbcb8327efa4] [T:2022-07-09 11:49:25.418733] [U:admin@org1.com] [A:train.abort]
[E:3db0060a-a00f-46fa-b4c5-474adec6d781] [T:2022-07-09 11:49:28.435587] [U:] [A:__aux_command__]
[E:e9f4c9e3-3913-4367-8682-eaffa5b7ccc7] [R:1624a621-6f5c-4b44-af5d-5bb290476e51] [T:2022-07-09 11:49:31.552927] [U:admin@org1.com] [A:train.set_run_number]
[E:9599153a-781e-42d0-adae-db95af873e0a] [R:d5392d09-dfcb-4fcf-acf0-43773bbd105b] [T:2022-07-09 11:49:43.285621] [U:admin@org1.com] [A:train.deploy]
[E:78878ef3-2edb-4663-9f09-c6e761e1037d] [R:154350b6-2d33-4258-bd14-f93b5a619b06] [T:2022-07-09 11:49:47.407740] [U:admin@org1.com] [A:train.start]
[E:9475cc73-51fc-42f3-b7c9-e3ba50d898c6] [R:bf29088b-6d36-4c27-8c49-438d8f36b355] [T:2022-07-09 11:54:50.487970] [U:admin@org1.com] [A:train.abort]
[E:d9d3fadf-9c0b-45de-9248-8174b5780ac6] [T:2022-07-09 11:54:53.104128] [U:] [A:__aux_command__]
[E:d6e3149e-92ab-466e-abe0-cd1d157ec543] [R:b9908ca8-ae1b-4a74-b9f1-226da1d631bb] [T:2022-07-09 11:54:56.622143] [U:admin@org1.com] [A:train.set_run_number]
[E:b261030e-a669-48ec-b596-646aceb44596] [R:55d7ae03-2ed9-470a-940a-6b5d14d87911] [T:2022-07-09 11:55:28.892497] [U:admin@org1.com] [A:train.deploy]
[E:acd0194d-1411-475b-996d-acb0596a47d5] [R:dd9fb4dc-3d1c-4751-a0f0-a9ece69edfda] [T:2022-07-09 11:55:33.515648] [U:admin@org1.com] [A:train.start]
[E:0c11aa78-738f-4297-98fc-14337b47c163] [R:e5afc4ac-5873-49ac-ae37-90893321fb57] [T:2022-07-09 11:59:34.672528] [U:admin@org1.com] [A:train.abort]
[E:39749a66-2c6e-45a1-a128-72cd2538e340] [T:2022-07-09 11:59:37.188442] [U:] [A:__aux_command__]
[E:227ce175-23b3-4ff0-b2fd-3c6d3f1547d4] [R:458f241d-45bf-454a-b92e-36e856959bd4] [T:2022-07-09 11:59:42.309421] [U:admin@org1.com] [A:train.set_run_number]
[E:afaf3dad-1b6e-4c68-9bc7-32508ae7ef16] [R:2089071e-a450-456b-9e90-e4326eb3fe47] [T:2022-07-09 11:59:52.038236] [U:admin@org1.com] [A:train.deploy]
[E:ab44b6c3-d7bf-46b3-a101-6255906f8539] [R:cbb37ecc-4d5c-427b-a8fa-cdd1858c5123] [T:2022-07-09 11:59:56.661680] [U:admin@org1.com] [A:train.start]
[E:7a2f02de-1ffd-47eb-9e88-0667f7b0693c] [R:5adbd532-9554-47fe-bbb7-fe353cf0ec36] [T:2022-07-09 12:00:19.719997] [U:admin@org1.com] [A:train.abort]
[E:d2360aa2-58aa-4379-a028-15caa3576591] [T:2022-07-09 12:00:22.236704] [U:] [A:__aux_command__]
[E:ee942c63-1eb6-44f7-bc19-0f65e3428c78] [R:ba61fc60-0e95-40b8-b6b6-bab76c3be2fe] [T:2022-07-09 12:01:00.117195] [U:admin@org1.com] [A:train.start]
[E:4e460ea6-9540-49dd-9750-c3eb69b93c8f] [T:2022-07-09 12:01:57.535063] [U:] [A:__aux_command__]
[E:25ac359d-f787-4c8d-aaa6-a5eead33bb18] [R:628886e3-4b39-4897-a9e7-ba4a57aa751e] [T:2022-07-09 13:24:45.032873] [U:admin@org1.com] [A:train.set_run_number]
[E:d34ccb22-da59-4f26-9556-11a56fba1f79] [R:a80d64ad-74d5-42e6-8c36-2cd17460ab3f] [T:2022-07-09 13:24:51.255544] [U:admin@org1.com] [A:train.deploy]
[E:53e114fa-9b72-49a2-bbad-633133fd77e4] [R:249d0157-bae7-4d8b-9bcc-8629302cd09a] [T:2022-07-09 13:24:56.881442] [U:admin@org1.com] [A:train.start]
[E:6b4d15fe-8b6c-441c-a5ee-c8fdeb7745cc] [R:845c568f-e463-49ab-9c54-34408e0762ac] [T:2022-07-09 13:26:02.941769] [U:admin@org1.com] [A:train.abort]
[E:adec658f-8b29-49ce-83e9-7656ad361223] [T:2022-07-09 13:26:05.457435] [U:] [A:__aux_command__]
[E:0bfdc40a-45ca-4225-a70b-f8a565c9198b] [R:1e161389-4778-4492-b138-7705e5f52a41] [T:2022-07-09 13:26:07.472802] [U:admin@org1.com] [A:train.start]
[E:ed432c05-1a7e-4366-a9e0-6b0743f3a953] [R:50a069bf-e06f-4551-95e1-77e08f3cd99f] [T:2022-07-09 13:30:16.856697] [U:admin@org1.com] [A:train.abort]
[E:60407568-2b1d-428b-be4a-19497d8e8a3b] [T:2022-07-09 13:30:19.372505] [U:] [A:__aux_command__]
[E:4ce400ff-3b5d-4c22-8cde-ae2462e2087a] [R:a29c0c3e-4013-491d-9b44-d4bb679f517b] [T:2022-07-09 13:30:40.422336] [U:admin@org1.com] [A:train.set_run_number]
[E:8f8c5378-079d-482a-93ae-4ae1b11fbde9] [R:a0ebcb50-96bf-4527-b9cc-ebcd0c43a246] [T:2022-07-09 13:30:46.644767] [U:admin@org1.com] [A:train.deploy]
[E:8233b2d7-a714-4e5b-b9c7-527a5e9fff6f] [R:abb77bf3-5e99-4516-8d9b-e740e2025bfe] [T:2022-07-09 13:30:53.772756] [U:admin@org1.com] [A:train.start]
[E:5bc80771-b865-43bd-976d-57868007a6c7] [R:c145af01-116a-46f6-9962-c65bd5f8abef] [T:2022-07-09 13:33:03.337645] [U:admin@org1.com] [A:train.abort]
[E:3acbae5c-70ce-4487-a38c-6ce0825813f5] [T:2022-07-09 13:33:05.853309] [U:] [A:__aux_command__]
[E:afb1ca0b-9247-4718-8d6e-d1e770e62c7c] [R:11d80ff1-636e-4b64-8d9f-9a1eb729d1e4] [T:2022-07-09 13:33:08.970437] [U:admin@org1.com] [A:train.set_run_number]
[E:c784ed3e-e20e-4ed2-afd1-df5ece1bf3da] [R:0ba120ac-8551-41b8-b261-7eac0bb2ce00] [T:2022-07-09 13:33:21.704855] [U:admin@org1.com] [A:train.deploy]
[E:bc7f8468-af65-4e36-8dcf-cd22220520c2] [R:2ebaffae-e40a-4756-94c3-2a54557a5b15] [T:2022-07-09 13:33:27.430045] [U:admin@org1.com] [A:train.start]
[E:1891043a-90a6-4bcd-abb0-067218163b5f] [R:0358289f-ae9b-433f-bf62-33a877701b80] [T:2022-07-09 13:34:55.927453] [U:admin@org1.com] [A:train.abort]
[E:f1a7f07f-ab51-49c6-88bf-455f80d79917] [T:2022-07-09 13:34:58.543234] [U:] [A:__aux_command__]
[E:3fec5a27-e567-4025-8c08-17150a72e277] [R:109888d6-08cc-49db-98c0-6d45657aef1d] [T:2022-07-09 13:35:09.274063] [U:admin@org1.com] [A:train.set_run_number]
[E:8ec44f25-26ba-4b0e-bbef-f1067fcd8e6f] [R:018eb3f2-bc04-4793-a3a2-b84691fcb124] [T:2022-07-09 13:35:15.897283] [U:admin@org1.com] [A:train.deploy]
[E:63a5bf5a-e6ab-452a-a076-d943139a44a2] [R:8acf6508-eea6-46d7-889d-cb68daacd79f] [T:2022-07-09 13:35:21.021986] [U:admin@org1.com] [A:train.start]
[E:9adbab57-bd16-4456-9a04-f5502dadaa18] [R:00d25b2e-5b77-4cbe-a96c-4040f3f3deaa] [T:2022-07-09 13:36:58.327439] [U:admin@org1.com] [A:train.abort]
[E:00fdec5a-bce1-4b46-ad6f-ca80b52b27ba] [T:2022-07-09 13:37:00.843173] [U:] [A:__aux_command__]
[E:21bbcd6e-8ac5-4aa0-9367-dc9147458841] [R:1bf2fcdc-b3c5-4fa0-8832-212868501cb7] [T:2022-07-09 13:37:16.182678] [U:admin@org1.com] [A:train.set_run_number]
[E:24600e20-6889-456f-a81b-b4b173de159e] [R:498779b7-5b89-4c97-8b41-120992cca5bb] [T:2022-07-09 13:37:25.911562] [U:admin@org1.com] [A:train.deploy]
[E:5b31f7df-1a38-483d-8fee-c64d2f3396d0] [R:7c63a51e-cc5e-471c-ae14-fcbf399547fb] [T:2022-07-09 13:37:30.535027] [U:admin@org1.com] [A:train.start]
[E:78737e19-a5c3-4b11-9f6b-90cdff343934] [R:50fb0eb8-d2cc-4a05-88b2-8caf32f97f8e] [T:2022-07-09 13:37:59.749941] [U:admin@org1.com] [A:train.shutdown]
[E:73ac3284-84a5-4eac-a52a-e70610000346] [R:341399c4-6ce2-4d52-8ae9-0f461a4a99ca] [T:2022-07-09 18:30:41.906940] [U:admin@org1.com] [A:train.set_run_number]
[E:951358ae-9301-4d9c-865d-d7d8fc5ac73d] [R:f12f326d-580a-4335-8f40-b045f663aa0a] [T:2022-07-09 18:30:49.042018] [U:admin@org1.com] [A:train.start]
[E:09cd1612-cc15-4907-a00a-aa72925c9683] [R:bd521705-9e03-4ec4-8a0a-244ef0c1f2e0] [T:2022-07-09 18:32:16.725141] [U:admin@org1.com] [A:train.abort]
[E:2ef5af3b-8d99-4fb2-b8d0-6feb31d5084f] [T:2022-07-09 18:32:19.242138] [U:] [A:__aux_command__]
[E:7ac72cd9-3836-4cc8-b7ac-47216ece548c] [R:ccf99759-ec68-4869-b62b-de22f9b76ec3] [T:2022-07-09 18:32:21.858838] [U:admin@org1.com] [A:train.set_run_number]
[E:96ce9ad1-c4a8-4509-a688-1d57bdb89289] [R:1a74b0d2-1cf9-4c58-abe1-91e77ff35823] [T:2022-07-09 18:32:37.697748] [U:admin@org1.com] [A:train.deploy]
[E:b39b0e71-5c17-458c-9562-6b5af3815278] [R:d7294e3c-18c3-4199-84c1-a7d8c0e0aa43] [T:2022-07-09 18:32:41.821331] [U:admin@org1.com] [A:train.start]
[E:7a555422-d8d4-4590-aee5-43596dd4997b] [R:dd97dc78-ab2b-4d18-ba07-d4d9e6551129] [T:2022-07-09 18:33:21.217049] [U:admin@org1.com] [A:train.abort]
[E:88bc6952-71b1-43a0-85b2-dc67a5277199] [T:2022-07-09 18:33:23.732940] [U:] [A:__aux_command__]
[E:2f1b097f-ef38-4a98-b468-9ec071db1f84] [R:a7525f50-4b26-4e89-a612-fadd49ebda83] [T:2022-07-09 18:33:32.460447] [U:admin@org1.com] [A:train.set_run_number]
[E:a3b22b2d-6b0d-45ca-b18a-74e7262799ae] [R:59aa61fc-ea0c-47b8-8a3b-881f9e449f0d] [T:2022-07-09 18:33:36.579227] [U:admin@org1.com] [A:train.deploy]
[E:6a1ec061-3609-4370-ae32-d1927435785a] [R:6b063a9c-d93e-45f4-aabc-084dc4b90eb8] [T:2022-07-09 18:33:41.207563] [U:admin@org1.com] [A:train.start]
[E:7e087e3c-ed5d-46d1-aa38-9126e0dfa8e9] [R:178106e2-58b4-4294-a2d9-546179b18d42] [T:2022-07-09 18:36:25.029592] [U:admin@org1.com] [A:train.shutdown]
[E:9192d76c-604b-45fa-93be-a5b57aea0893] [R:799b79b4-6300-422f-b510-262a3b60233c] [T:2022-07-09 18:37:18.685338] [U:admin@org1.com] [A:train.set_run_number]
[E:2c685c8e-0a1a-4946-b1af-af5200367240] [R:df4318b6-ace0-42b5-a987-9d7f11d11b6c] [T:2022-07-09 18:37:31.519517] [U:admin@org1.com] [A:train.deploy]
[E:735858d7-6b92-4ecf-a415-e3de71c6b618] [R:a232d128-e688-40df-bcfb-9e3b34d2b37c] [T:2022-07-09 18:37:37.145197] [U:admin@org1.com] [A:train.start]
[E:82868132-43a3-4c80-ac38-99a03ee39bd5] [R:81bc60eb-b77b-4368-b43f-70237d4083f5] [T:2022-07-09 18:40:24.864573] [U:admin@org1.com] [A:train.abort]
[E:77385e74-1b61-475d-925b-008e1d4bccb7] [T:2022-07-09 18:40:27.979922] [U:] [A:__aux_command__]
[E:9d679f5d-a3ed-4954-98c9-f9c7b14b756a] [R:f34c0bb6-dc80-4af8-85e4-08cdbf7eef2a] [T:2022-07-09 18:40:34.105768] [U:admin@org1.com] [A:train.start]
[E:d90bd3ad-111d-43c5-aa19-55348a681a9e] [T:2022-07-09 18:41:09.494847] [U:] [A:__aux_command__]
[E:901c8d51-2323-457f-a703-af343e93865c] [R:0558bd41-862f-4c85-ae77-dee2dce671ab] [T:2022-07-09 18:42:58.025449] [U:admin@org1.com] [A:train.set_run_number]
[E:cf1e24a9-f905-487a-8d7d-884a41ed8c4e] [R:cdc7470f-43c0-44bf-8678-7b4f23bc2e3a] [T:2022-07-09 18:43:08.855222] [U:admin@org1.com] [A:train.deploy]
[E:a365f9c5-7f2e-41d4-8e36-9f5b9da50213] [R:258fefe3-22f2-4305-96d5-3032ab124920] [T:2022-07-09 18:43:13.982428] [U:admin@org1.com] [A:train.start]
[E:90048e75-459c-4935-912e-766b04e7bf22] [T:2022-07-09 18:43:47.268874] [U:] [A:__aux_command__]
[E:9f6e0c82-0206-48b2-9027-3e2b65a550a8] [R:7ff8f412-85ba-4fdc-8827-0b0a7f388c2f] [T:2022-07-09 18:44:23.603706] [U:admin@org1.com] [A:train.set_run_number]
[E:a779242a-021e-4745-a8b7-4dbff0f8d19d] [R:d7eaabd6-550c-4b29-bd65-e646fcae2ec9] [T:2022-07-09 18:44:34.425169] [U:admin@org1.com] [A:train.deploy]
[E:4bb4e2d0-f3ed-4950-8504-2d15bd9dc79c] [R:9811be1b-59c4-49d0-91e3-271a337e8ee3] [T:2022-07-09 18:44:40.012757] [U:admin@org1.com] [A:train.start]
[E:24a87a5f-ad16-4da1-8955-73650b67f3b0] [T:2022-07-09 18:45:13.297630] [U:] [A:__aux_command__]
[E:8898ebb6-44e4-463a-9076-d1cd0dbbc38c] [R:0e25b377-e44a-41c9-9217-c32579e38964] [T:2022-07-09 18:45:51.212455] [U:admin@org1.com] [A:train.set_run_number]
[E:4bae6730-b6b9-4af5-9be9-4ec00399f731] [R:f76d1b6f-39a8-4eca-b01a-061814a6c685] [T:2022-07-09 18:46:01.541213] [U:admin@org1.com] [A:train.deploy]
[E:3c7ed1f5-4c55-4a4a-862d-5f83ef122bbc] [R:8e7217ab-95c7-4715-85d3-6d13d54a9655] [T:2022-07-09 18:46:06.063732] [U:admin@org1.com] [A:train.start]
[E:a3219a34-6b1c-4a5d-901f-c59d4132c0f4] [T:2022-07-09 18:46:43.057311] [U:] [A:__aux_command__]
[E:1a38b565-da5b-4cd3-bc1c-da62d71e59ee] [R:bd24c8c7-4ae6-4008-9ea7-a7b822a45fe6] [T:2022-07-09 18:50:11.623696] [U:admin@org1.com] [A:train.set_run_number]
[E:71969488-cc8e-4d06-a74a-b4e080c853f9] [R:31d7e452-6630-42be-9ebb-915cfbfbddce] [T:2022-07-09 18:50:22.353926] [U:admin@org1.com] [A:train.deploy]
[E:a9af4233-8b1f-4f64-8101-3fa12d4d49d1] [R:0c7cab5c-20e9-4731-a73f-41382eba980b] [T:2022-07-09 18:50:26.976870] [U:admin@org1.com] [A:train.start]
[E:7379987c-60c0-4c67-a2f5-53dddedb3c4c] [T:2022-07-09 18:51:00.261620] [U:] [A:__aux_command__]
[E:eb2bdb84-ba89-49e0-81a7-103438b29a22] [R:35e3850c-80e5-4ec4-88b9-5488950a48a9] [T:2022-07-09 19:05:43.407866] [U:admin@org1.com] [A:train.set_run_number]
[E:476cd6ad-dd48-47c4-abda-faae2943ae56] [R:68d0a0c4-bbe1-49cc-96aa-28e75c0df336] [T:2022-07-09 19:05:48.027179] [U:admin@org1.com] [A:train.set_run_number]
[E:dbca54a7-22a7-4622-976e-f2fa87510f35] [R:ba4b23d6-b3f8-430c-8c38-aedbec6aa82f] [T:2022-07-09 19:06:02.964418] [U:admin@org1.com] [A:train.deploy]
[E:c45fd3cb-6b89-45ba-9953-0f0cb4a174af] [R:745e4792-de88-4419-bf38-dd5e08bda3d1] [T:2022-07-09 19:06:06.987149] [U:admin@org1.com] [A:train.start]
[E:d4039362-b0ee-4eee-a8d8-757f1afb1987] [R:963a2957-d475-466b-9c7f-b88a88296da5] [T:2022-07-09 19:07:55.605628] [U:admin@org1.com] [A:train.check_status]
[E:dc197fac-88c0-4501-b2a2-e9db4238d13f] [R:73ab24da-d5a6-412e-a755-ca38f2321da8] [T:2022-07-09 19:10:24.765184] [U:admin@org1.com] [A:train.abort]
[E:59b52b57-5b8b-448b-927e-b31ceb57aadc] [T:2022-07-09 19:10:29.887268] [U:] [A:__aux_command__]
[E:54c0cd72-ef56-48f2-a9a1-ffb7de556909] [R:dabbb7fe-21ee-4830-9d04-b61508ab5fcf] [T:2022-07-09 19:10:35.008229] [U:admin@org1.com] [A:train.set_run_number]
[E:a82edbde-2c26-4ab7-9d24-3c348fb527a0] [R:245b1f36-c18f-4ff1-b3e7-369d43d6051a] [T:2022-07-09 19:10:44.833774] [U:admin@org1.com] [A:train.deploy]
[E:1d0e0a58-6cbe-4f33-9535-02f92996692c] [R:970a2cc3-6a45-48c5-bc79-23d00e706f74] [T:2022-07-09 19:10:48.856204] [U:admin@org1.com] [A:train.start]
[E:0cb8ae38-2030-4eba-bc6a-7faced5f785d] [T:2022-07-09 19:17:48.012357] [U:] [A:__aux_command__]
[E:bd9aaaf3-abcb-4a65-ad03-236880922ebe] [R:b7d28b2d-2069-48d2-b35f-02cb8aaa98c9] [T:2022-07-09 19:19:34.636687] [U:admin@org1.com] [A:train.shutdown]
[E:188cc4bc-6256-4f30-9e08-aa39007c8641] [R:695eca5c-055e-4c5b-b6ed-8e4ad070be0e] [T:2022-07-10 08:31:49.444216] [U:admin@org1.com] [A:train.set_run_number]
[E:75977a16-b6c0-4370-9eec-b7bd9e798c4b] [R:5543f7d1-b575-4cec-8f90-f717b55a55c1] [T:2022-07-10 08:31:54.063781] [U:admin@org1.com] [A:train.start]
[E:105fe887-90dd-4590-a618-590a5a7f73e0] [R:fd4b4330-9ff7-4232-8e63-212c5b9dc271] [T:2022-07-10 08:32:44.785179] [U:admin@org1.com] [A:train.abort]
[E:b02925ee-0597-4ab0-b02c-d9209b669259] [R:c003ebae-13f3-4120-a67d-fdc984ce3717] [T:2022-07-10 08:32:46.299141] [U:admin@org1.com] [A:train.abort]
[E:1bf06265-441f-4c1e-997a-eb62b284ca59] [T:2022-07-10 08:32:47.813016] [U:] [A:__aux_command__]
[E:3781586a-01e5-4f9e-8439-ef7c09ebab7d] [R:1134f850-9115-4f07-9c9b-2f434fb15f56] [T:2022-07-10 08:32:48.325593] [U:admin@org1.com] [A:train.start]
[E:27606dbc-92d1-4cd4-ae9a-f2fff138ac6c] [R:00799357-b453-4100-91bf-a114db2d6152] [T:2022-07-10 08:36:14.712634] [U:admin@org1.com] [A:train.abort]
[E:32e2eacc-92c2-4b3b-af53-3d867724d859] [T:2022-07-10 08:36:17.333982] [U:] [A:__aux_command__]
[E:01753c30-835d-4eff-93d7-2e4e8ea1eca4] [R:53b36ec9-2dfc-4e67-a646-d487b42d0868] [T:2022-07-10 08:36:23.456649] [U:admin@org1.com] [A:train.start]
[E:b4c73244-5541-48de-80f8-fce819556a2b] [T:2022-07-10 08:40:22.395243] [U:] [A:__aux_command__]
[E:de030558-5fec-4172-976c-c11587f62bdf] [R:2ae4ef39-78a6-4d9b-8bbb-7e9710801738] [T:2022-07-10 08:41:20.217333] [U:admin@org1.com] [A:train.check_status]
[E:91c7a566-c42f-47c7-b2cd-59eed8f3ec65] [R:ef0619fc-0703-460d-b15c-0cd6c97f42d8] [T:2022-07-10 09:25:28.928681] [U:admin@org1.com] [A:train.check_status]
[E:8d433eb2-6c46-4c3f-8903-f8c1bae8e753] [R:46d22c3e-b54b-4858-81a1-ac7133ec78f3] [T:2022-07-10 09:25:46.772624] [U:admin@org1.com] [A:train.set_run_number]
[E:6440e2dc-252c-4bc3-8e29-99023ac3b0fc] [R:c933f02c-9743-4958-b5d3-ca49c16a20fa] [T:2022-07-10 09:26:34.972107] [U:admin@org1.com] [A:train.deploy]
[E:08a67993-25a4-4ff7-87d3-cd11300ef35e] [R:931cec7b-0f36-4e2b-8bdd-49cde1886312] [T:2022-07-10 09:26:39.596385] [U:admin@org1.com] [A:train.start]
[E:d379975c-91f7-4a38-b498-abc1d0887b60] [R:6c42bf1a-172d-4978-88f3-31d8520367de] [T:2022-07-10 09:27:47.647140] [U:admin@org1.com] [A:train.abort]
[E:75ad5e3f-45dd-4756-ace5-df37eba4d353] [T:2022-07-10 09:27:50.263247] [U:] [A:__aux_command__]
[E:1f0690eb-213c-4b59-8779-8d54ea17c587] [R:50c10fbb-f585-4b7d-9317-b44f6f6ec8b2] [T:2022-07-10 09:27:50.775842] [U:admin@org1.com] [A:train.set_run_number]
[E:b443ec7a-d0e5-4c22-babb-42ba5448c867] [R:fcf71dc7-41d4-4070-98c7-fd3aacd88440] [T:2022-07-10 09:28:04.111504] [U:admin@org1.com] [A:train.deploy]
[E:3cc71ca8-31c4-4bd7-b5b1-cdefdddd350b] [R:0908768c-f2bf-4167-81a0-0874d0348fd4] [T:2022-07-10 09:28:08.134041] [U:admin@org1.com] [A:train.start]
[E:52c071a4-fa4c-412a-bc43-9dd36c75ac77] [T:2022-07-10 09:40:04.263951] [U:] [A:__aux_command__]
[E:0d215b90-6250-4556-98f5-ffde534b920d] [R:9b8a998d-7c09-4e5e-b5b7-71776539758e] [T:2022-07-10 10:08:52.300422] [U:admin@org1.com] [A:train.set_run_number]
[E:d1c96e21-e042-433e-9628-db7fdf275d67] [R:ee23d62e-b408-4860-83c5-121b1964355b] [T:2022-07-10 10:12:54.546482] [U:admin@org1.com] [A:train.deploy]
[E:4a9c537b-cc4a-466e-a5d3-5ae1c8c498a2] [R:9be48fb4-a4c4-49f7-9a22-e2905befda56] [T:2022-07-10 10:13:00.171670] [U:admin@org1.com] [A:train.start]
[E:9d8fb5e8-2563-4abd-a93c-cb7c2c129650] [T:2022-07-10 10:27:13.919133] [U:] [A:__aux_command__]
[E:77d7ba2b-01cf-40a1-b3d1-68a7cc753500] [R:08c46544-887a-46ff-8985-8c4c97b77d57] [T:2022-07-10 10:32:31.014035] [U:admin@org1.com] [A:train.set_run_number]
[E:a0a9e681-b6d9-4f19-b3b2-f55e101f9f91] [R:093fa31a-9283-4bbb-b840-b2bbe5fb4c46] [T:2022-07-10 10:32:34.633073] [U:admin@org1.com] [A:train.set_run_number]
[E:3c7a4dd0-9393-41da-a328-4de2019ddad0] [R:6db16988-f7b2-4e18-bfbe-3b72cb850a25] [T:2022-07-10 10:32:55.082227] [U:admin@org1.com] [A:train.deploy]
[E:3ff6358c-a2e8-41ab-8979-ca530b2b9eb1] [R:9d6f8fc1-9e0d-40d4-8d04-570d6f239619] [T:2022-07-10 10:32:58.704102] [U:admin@org1.com] [A:train.start]
[E:c067c263-fa8e-48a5-bf4c-f777a098b8af] [T:2022-07-10 10:47:47.523955] [U:] [A:__aux_command__]
[E:ec86e562-8100-4b07-9633-afd85bedaf8e] [R:3356f3f8-8887-4487-99ba-b264930e69d8] [T:2022-07-10 11:07:26.858051] [U:admin@org1.com] [A:train.set_run_number]
[E:35c07a1b-0764-4496-8e85-fd5b1a54f974] [R:6b515bd5-ce5d-44f4-a6a3-62d545343b65] [T:2022-07-10 11:07:40.194351] [U:admin@org1.com] [A:train.deploy]
[E:fa5c3ea0-c71e-44ad-bf85-467f5d926a03] [R:c7860146-ae8e-4569-bfdc-8bb42dd58f55] [T:2022-07-10 11:07:47.422711] [U:admin@org1.com] [A:train.start]
[E:4de9848f-980b-4dd4-b9ba-0a615f9c2a85] [R:54b937e4-b11f-4976-a53a-2d6518bcbb15] [T:2022-07-10 11:09:06.891148] [U:admin@org1.com] [A:train.abort]
[E:679f3465-254c-49c9-9dae-ae13e6ad7f19] [T:2022-07-10 11:09:11.510718] [U:] [A:__aux_command__]
[E:bfb2504e-f701-44b5-8ef4-4d2a57b51b6e] [R:46d14359-da09-479c-8063-ca80c9b65318] [T:2022-07-10 11:11:08.434271] [U:admin@org1.com] [A:train.set_run_number]
[E:dd9c7aca-1a4e-4010-9f2c-5464aaa1180c] [R:c97e0d6a-8659-474d-b3ff-40a3b281f849] [T:2022-07-10 11:11:15.659030] [U:admin@org1.com] [A:train.deploy]
[E:f45ef066-3c45-49fd-ade6-7948239fe384] [R:74565a96-7c78-49cc-9f3a-c88c7bc15969] [T:2022-07-10 11:11:18.679651] [U:admin@org1.com] [A:train.start]
[E:c44819df-2a8b-465c-9b25-90ba5fa2a19e] [R:63e0827f-aa37-47e2-a2c3-a868c25f57a5] [T:2022-07-11 02:09:16.572429] [U:admin@org1.com] [A:train.set_run_number]
[E:84b9c831-3fbe-4280-9f16-dd7e6627839e] [R:62fa8bfa-4c1c-498a-aafa-b521df451b8d] [T:2022-07-11 02:09:27.904290] [U:admin@org1.com] [A:train.deploy]
[E:9580a7b8-501d-482d-a99a-1198325197da] [R:3d685afb-a34a-4a77-b9ee-1ba002c30e49] [T:2022-07-11 02:09:32.528771] [U:admin@org1.com] [A:train.start]
[E:4f3a3464-6413-4cf7-b2eb-e15d14f16ba1] [R:e528df14-447d-4d77-8f30-b21fb2fe2a9e] [T:2022-07-11 02:12:17.356779] [U:admin@org1.com] [A:train.abort]
[E:c8cf0ae1-80cd-4a5c-95b2-fd2145f426ca] [T:2022-07-11 02:12:19.872664] [U:] [A:__aux_command__]
[E:4b307c30-c8f5-40dc-9505-720d8e88e68f] [R:565e1049-aece-4d19-9b88-e4355c4d958f] [T:2022-07-11 02:12:21.987931] [U:admin@org1.com] [A:train.start]
[E:2b084c13-57fb-4fff-a970-d03ef93ef6c4] [R:c2c6f2d9-d40c-419b-ba3d-e96a9a897568] [T:2022-07-11 02:13:15.211832] [U:admin@org1.com] [A:train.abort]
[E:d573be03-da9b-437e-8295-0d85860498c7] [T:2022-07-11 02:13:18.228405] [U:] [A:__aux_command__]
[E:d01f7e52-d9b5-40fd-aa89-c92640e6ceef] [R:61b6b9ce-5776-45d5-bc7c-a0420afe2e71] [T:2022-07-11 02:13:25.988819] [U:admin@org1.com] [A:train.set_run_number]
[E:20a28024-b691-404c-b644-04a88a057c4e] [R:a7b0ded7-c2e7-4dbc-9034-4d4b831b3128] [T:2022-07-11 02:13:38.723103] [U:admin@org1.com] [A:train.deploy]
[E:b6d7d4a9-d564-4c77-82a8-9e5e96877e09] [R:9deab06d-7b0d-4c6e-b0a5-2059280afa76] [T:2022-07-11 02:13:44.348120] [U:admin@org1.com] [A:train.start]
[E:75a72688-3ac7-411e-b588-f5b2bd521af4] [R:3c40dba4-3563-40bb-8c02-e972213640af] [T:2022-07-11 02:35:17.695753] [U:admin@org1.com] [A:train.abort]
[E:b4010a3b-20a5-4406-aac6-eff81fb87dd6] [T:2022-07-11 02:35:22.915783] [U:] [A:__aux_command__]
[E:c5a2e6f2-f481-457b-866c-e8a07a92da59] [R:74747aa1-3b7b-427e-9ca3-4f3abffa1fbf] [T:2022-07-11 02:35:26.433847] [U:admin@org1.com] [A:train.shutdown]
[E:56d01ff0-90df-4895-9ed6-7f5897f97b56] [R:8b63c2fe-a0c1-4ee0-bd42-d2dd56d800da] [T:2022-07-11 04:23:24.845819] [U:admin@org1.com] [A:train.set_run_number]
[E:433c7c9b-4c3e-4c0d-9d81-4847eed4e59c] [R:c21f01d0-fc75-413a-aa24-91c0d899569a] [T:2022-07-11 04:23:37.683309] [U:admin@org1.com] [A:train.set_run_number]
[E:c632cd63-7d0a-4e4a-aa1a-13e9f40647c4] [R:5519c679-88bd-4276-b710-036e1993ab5b] [T:2022-07-11 04:23:41.201952] [U:admin@org1.com] [A:train.start]
[E:3b333ec7-2567-4a5f-a5cc-246efd23c2ca] [T:2022-07-11 06:47:49.400225] [U:] [A:__aux_command__]
[E:96f02e6d-4e52-42be-b9e9-7513f7c4c1c6] [R:595995a7-4943-4311-8b9c-e62f5627fe23] [T:2022-07-11 10:27:31.281477] [U:admin@org1.com] [A:train.shutdown]
[E:0361cea3-5311-4c96-a8c8-130d39aa88f9] [R:55d42fa9-8028-44ee-b777-335ece034ab5] [T:2022-07-11 10:28:29.029929] [U:admin@org1.com] [A:train.set_run_number]
[E:658be336-82a2-4b8f-889a-a4851e4896e9] [R:c10f9a39-abf6-4952-9ec6-6b02c45f83d0] [T:2022-07-11 10:29:55.299371] [U:admin@org1.com] [A:train.deploy]
[E:11f84eaa-82b2-4c77-be73-90a0c71501df] [R:06ab4699-39b1-4a90-bde0-5c9aa3b85559] [T:2022-07-11 10:29:59.923645] [U:admin@org1.com] [A:train.start]
[E:ad1c5d24-acfd-4996-9998-f4260cb9207d] [R:b41f5309-01a1-4232-a26e-bc700c4f1b3d] [T:2022-07-11 10:30:41.028144] [U:admin@org1.com] [A:train.abort]
[E:45dbef82-a67b-4236-b525-eebcb4d992bf] [T:2022-07-11 10:30:44.646504] [U:] [A:__aux_command__]
[E:e8846bea-0dd3-4597-af01-44a376833b7b] [R:5d709352-33b2-444e-9d74-852ac2ff3677] [T:2022-07-11 10:30:45.660478] [U:admin@org1.com] [A:train.set_run_number]
[E:b8647f5f-f9d1-4858-a130-86999d7ef05a] [R:fa65a31b-28fd-49de-b8d1-ce92758d61c6] [T:2022-07-11 10:30:56.391920] [U:admin@org1.com] [A:train.deploy]
[E:b454db54-6012-4929-9319-6e7ad71772f3] [R:c87d654e-4186-48fc-95d9-581cf1470235] [T:2022-07-11 10:31:00.516073] [U:admin@org1.com] [A:train.start]
[E:4a17f119-a259-4831-b50d-67ae4b291336] [T:2022-07-11 15:30:46.507388] [U:] [A:__aux_command__]
[E:590f1ef9-6649-4491-998d-4dd04918f6ed] [R:42d4ff3b-2d76-4b25-ba9c-fb6a56a08397] [T:2022-07-18 08:25:12.609424] [U:admin@org1.com] [A:train.set_run_number]
[E:146a96f2-8fb5-41f0-a271-90c29a35f461] [R:ad02d091-b896-4b26-aee1-3363a9205f4d] [T:2022-07-18 08:25:18.240719] [U:admin@org1.com] [A:train.deploy]
[E:f3e2dd96-8f06-444d-a0fd-43a40a7241a3] [R:95fc87aa-1983-4394-980c-35703156d8ee] [T:2022-07-18 08:25:23.365906] [U:admin@org1.com] [A:train.start]
[E:d2c61185-2631-40ea-92bd-78e0db95f5cc] [R:3dda8ff5-0a71-4a4a-aca3-a1219b648d93] [T:2022-07-18 08:26:31.013154] [U:admin@org1.com] [A:train.abort]
[E:5e618cfb-937d-48bb-b70b-d12625951523] [T:2022-07-18 08:26:36.140177] [U:] [A:__aux_command__]
[E:bf79043c-3ed9-4c2d-8dc3-c855e8c963a5] [R:a85a2a05-5267-4698-8ac4-7cb221001d9f] [T:2022-07-18 08:32:07.956447] [U:admin@org1.com] [A:train.set_run_number]
[E:c1f63827-279a-43e5-84cd-71b7ff95ec7e] [R:e5c6dbc3-6255-40aa-9b5c-c6a4c7c67ffa] [T:2022-07-18 08:32:18.186607] [U:admin@org1.com] [A:train.deploy]
[E:0ac19769-3aa9-4f64-a23a-38f9d51cb8c3] [R:504113e7-8654-4674-be58-a15ed08b7d71] [T:2022-07-18 08:32:26.919422] [U:admin@org1.com] [A:train.start]
[E:4bfb604d-3d9e-4b84-9d7a-ac43d663a995] [R:b79d4c87-20aa-426d-946d-f141263ab1b8] [T:2022-07-18 08:35:47.693595] [U:admin@org1.com] [A:train.abort]
[E:a893321c-d14d-460b-aba5-0cee3602808a] [T:2022-07-18 08:35:52.813589] [U:] [A:__aux_command__]
[E:9bfba230-c7e6-4a9d-b0ab-d744167a833e] [R:254b2022-6c41-4b13-a00f-224a2fac7a46] [T:2022-07-18 08:35:55.429939] [U:admin@org1.com] [A:train.set_run_number]
[E:f5aae576-66e1-489a-9ece-1cb9dafd743c] [R:dca5cbf9-cddf-447c-ba10-6bfb9d4521d4] [T:2022-07-18 08:36:04.658966] [U:admin@org1.com] [A:train.deploy]
[E:dc576667-0c9e-4f82-abd0-3cf992f675fe] [R:475df9c5-9300-4839-8696-84c26216d08f] [T:2022-07-18 08:36:09.282525] [U:admin@org1.com] [A:train.start]
[E:51f5128b-0576-41e5-ad36-027390dbeedc] [T:2022-07-18 08:43:31.247912] [U:] [A:__aux_command__]
[E:0db63574-cd34-46a3-9df5-071b5d91feb6] [R:e1a7cc02-5a3f-45ca-94e9-c1b91cae0597] [T:2022-07-18 08:44:53.169544] [U:admin@org1.com] [A:train.set_run_number]
[E:1d8749ec-3eb9-4928-a7d1-94db6d38b673] [R:fa38d297-a95d-4e79-99f9-044ba2c627aa] [T:2022-07-18 08:44:57.788947] [U:admin@org1.com] [A:train.deploy]
[E:076f1dc0-6d9c-43c1-a8f0-09bb16c6aea9] [R:82b2f8c2-2757-47f7-93a6-6478dde1dae4] [T:2022-07-18 08:45:03.414154] [U:admin@org1.com] [A:train.deploy]
[E:e48af915-8750-4da3-b54f-e6ad17c8098c] [R:e94dc8a5-380e-42ba-bd73-f72c1cc97dde] [T:2022-07-18 08:45:13.147529] [U:admin@org1.com] [A:train.start]
[E:7a96bdeb-3282-44aa-a306-9bcdba6fb91c] [T:2022-07-18 08:52:38.880403] [U:] [A:__aux_command__]
[E:3d21eeb2-e16a-45f0-932f-343b038da5dc] [R:0645f0b9-e2b7-4057-a8fc-56a06a962081] [T:2022-07-18 08:55:28.405419] [U:admin@org1.com] [A:train.set_run_number]
[E:48b4463b-cd9d-4b65-8c96-5be7cd8bc884] [R:47cd63f0-4c43-4e6c-ae71-f73b169b042b] [T:2022-07-18 08:55:37.633850] [U:admin@org1.com] [A:train.deploy]
[E:c63915b4-0b6c-4109-b163-0b1cc453f7ad] [R:6e31a57a-fa6b-47fd-826d-bf2b9cd468a9] [T:2022-07-18 08:55:56.083067] [U:admin@org1.com] [A:train.start]
[E:35b83e20-a8dd-4c29-bbc9-119943ccd65b] [R:71938fac-68eb-4a2a-9432-ddd0119fcc2e] [T:2022-07-18 09:20:08.044883] [U:admin@org1.com] [A:train.check_status]
[E:2a126442-033e-43e4-8822-87f2b67fc2ff] [T:2022-07-18 09:30:21.302174] [U:] [A:__aux_command__]
[E:b7d0c0f7-e65f-4a8d-9f3b-ecbd867f9bb5] [R:6c91dd98-d616-4926-a7da-73c9fab2e328] [T:2022-07-18 09:32:52.337624] [U:admin@org1.com] [A:train.set_run_number]
[E:e78ca3fe-b070-45f8-8b83-2758110e4c2f] [R:525fc5d9-0e42-4a46-bb98-65ebd8ef25d0] [T:2022-07-18 09:33:02.567319] [U:admin@org1.com] [A:train.deploy]
[E:77c2b3b3-78d0-4e46-9da4-a58ab1407337] [R:d10dd469-4c42-43cb-9155-8ef3c05e992e] [T:2022-07-18 09:33:24.622417] [U:admin@org1.com] [A:train.start]
[E:65f996a1-2556-4996-890d-7004b1d30323] [R:9cf83eaf-f35f-4edb-a04b-f0ea993be0fb] [T:2022-07-18 13:08:23.064936] [U:admin@org1.com] [A:train.set_run_number]
[E:a0179b40-1ade-4bc8-9a75-4856195b28d7] [R:0a568930-ab30-4e8b-bf56-5aa2b4fe69fc] [T:2022-07-18 13:08:26.181649] [U:admin@org1.com] [A:train.start]
[E:501d5c9f-a5e5-442c-b692-2d6f3fa18452] [R:117922a3-e68e-4d3b-8dd5-0a71172403c5] [T:2022-07-19 10:07:09.062141] [U:admin@org1.com] [A:train.set_run_number]
[E:74c7c43f-d894-44b1-8238-5c3c59c1c78b] [R:b26b55e0-1e9a-490a-952e-cf5bf5cf4aaa] [T:2022-07-19 10:07:39.829913] [U:admin@org1.com] [A:train.deploy]
[E:f48900f6-0884-4bd5-8bc7-3c412b86a34f] [R:35c7db61-ca0f-425e-bead-b4d4a5723b0d] [T:2022-07-19 10:07:45.957730] [U:admin@org1.com] [A:train.start]
[E:a75dd9de-c627-42fc-b705-35e727099bec] [T:2022-07-19 12:30:54.251711] [U:] [A:__aux_command__]
[E:86d0ee87-e146-4d68-8d4e-99f0700d9595] [R:ba13d781-9a53-4d33-92dc-896320b6983e] [T:2022-07-19 13:18:17.709718] [U:admin@org1.com] [A:train.set_run_number]
[E:1c1b46be-ef26-4263-9eae-98cef1acc6ee] [R:7cdffe02-2ad9-48e8-947d-3a88fd8ce590] [T:2022-07-19 13:18:29.944707] [U:admin@org1.com] [A:train.deploy]
[E:78444b8f-68c2-4d57-9bf8-eaafd2221ba9] [R:bb98428d-6094-4a3a-bf51-3878f33c06a9] [T:2022-07-19 13:19:11.938723] [U:admin@org1.com] [A:train.start]
[E:1ed91c9a-4d44-4826-9992-6ab4273c7797] [T:2022-07-19 13:19:50.335009] [U:] [A:__aux_command__]
[E:9c422fbb-802e-4ed3-a3ab-7db08eb1c2b3] [R:19aa5f1e-e834-49a7-b0ca-6aa4ad1492e5] [T:2022-07-19 13:20:45.640758] [U:admin@org1.com] [A:train.set_run_number]
[E:1df7aab9-5bf8-437a-90b1-ec7b2f8cad3d] [R:ba7b45eb-7e6d-4a6f-8628-85ab63213667] [T:2022-07-19 13:21:25.624496] [U:admin@org1.com] [A:train.deploy]
[E:44550550-205f-4ad1-9990-9325d4c5d220] [R:69ba4ebf-de49-4bc9-8b69-da295ac8fb3d] [T:2022-07-19 13:21:32.253028] [U:admin@org1.com] [A:train.start]
[E:af98304e-4428-4f4f-9be4-3efc1ccfd335] [T:2022-07-19 13:36:47.976532] [U:] [A:__aux_command__]
[E:f334fa61-3d60-4cce-849f-54b70717f8a7] [R:6bf8a6ce-6f24-4a77-a7bc-ded3b991341b] [T:2022-07-19 13:38:05.335311] [U:admin@org1.com] [A:train.set_run_number]
[E:00c285f0-46d1-4085-837d-bb7762409ef0] [R:02b9b4bd-eb5e-47b8-9116-57a10f7d7379] [T:2022-07-19 13:38:15.064196] [U:admin@org1.com] [A:train.deploy]
[E:5f45f26a-d578-4338-8212-abe116c0ce26] [R:d27a5083-b51d-4557-bf99-4834659bb433] [T:2022-07-19 13:38:19.186933] [U:admin@org1.com] [A:train.start]
[E:1b75c8c0-cbbc-4474-ba62-6566f239c0ee] [T:2022-07-19 14:54:44.545785] [U:] [A:__aux_command__]
[E:2408e4df-09c2-4c20-afa5-8805a039742d] [R:6b0cd240-7c84-472b-b54e-3a02e401787a] [T:2022-07-19 15:06:34.994465] [U:admin@org1.com] [A:train.set_run_number]
[E:0aa0abd9-2be0-448f-9af9-75df3dbb0e21] [R:80fbcd3c-9559-44e3-b6cf-47878356e586] [T:2022-07-19 15:06:44.723653] [U:admin@org1.com] [A:train.deploy]
[E:7bcc6f78-0815-4446-ac33-25d928ab62f7] [R:28220fb2-d9b3-4e42-8db9-25d31bb2fe2d] [T:2022-07-19 15:06:49.849274] [U:admin@org1.com] [A:train.start]
[E:5bd7be0c-742c-46fb-a6fa-e5a46a2fb137] [T:2022-07-19 20:07:19.103459] [U:] [A:__aux_command__]
[E:c0fc37e8-b827-43b3-bf77-8c351066b3b2] [R:5058613f-ac16-4c51-9d5a-4eb9d69cf16c] [T:2022-07-20 02:48:00.239107] [U:admin@org1.com] [A:train.set_run_number]
[E:be64df79-e463-4cc1-b0df-a94c9bc265a1] [R:fb9eff55-229d-42e9-8533-70db6163f08c] [T:2022-07-20 02:48:18.684054] [U:admin@org1.com] [A:train.deploy]
[E:dee2dd71-1b01-4ef2-bb41-bcd0ccbb676f] [R:523885ed-e280-4310-a45b-edb711ea5704] [T:2022-07-20 02:48:23.809197] [U:admin@org1.com] [A:train.start]
[E:6118e468-1096-43fc-b016-945dc9a8af7d] [T:2022-07-20 07:50:35.748930] [U:] [A:__aux_command__]
[E:51aac7fe-9f89-49d1-b490-6c9a5191b32b] [R:d244d700-d627-4a1f-ae21-c55cc2910540] [T:2022-07-20 14:32:56.306601] [U:admin@org1.com] [A:train.shutdown]
[E:2548ade2-7df4-4fea-b40e-a665afb859b0] [R:9899381e-fbef-42f7-bcfe-cc2b00c76be1] [T:2022-07-21 14:04:30.735587] [U:admin@org1.com] [A:train.set_run_number]
[E:38eae893-562a-429c-9e6c-79d71d4f35e0] [R:a3b37305-a425-4e7e-8453-e98621dfbfc4] [T:2022-07-21 14:04:35.856145] [U:admin@org1.com] [A:train.deploy]
[E:1993a98c-f948-40ac-a7e2-25649241130d] [R:56cc9a29-f3ca-4330-8bf7-c199e0be55e3] [T:2022-07-21 14:04:39.979882] [U:admin@org1.com] [A:train.start]
[E:d7dbe18d-f3ec-4704-a61a-bb06511f3ef2] [R:068180ca-2c06-46a0-a03e-b9304ef48a17] [T:2022-07-21 14:05:19.380679] [U:admin@org1.com] [A:train.abort]
[E:c2b40090-aae3-4dce-880e-ec0e073de26e] [T:2022-07-21 14:05:21.996768] [U:] [A:__aux_command__]
[E:d315e254-0575-47d1-8ed9-f08682eff1c4] [R:820849f5-3f0a-402c-85c5-47e4723aa673] [T:2022-07-21 14:05:40.942739] [U:admin@org1.com] [A:train.deploy]
[E:513ba3f8-0a13-4f3a-aa24-153a96816358] [R:a003731d-d102-4ada-bbee-2b4fc27e6244] [T:2022-07-21 14:05:45.567846] [U:admin@org1.com] [A:train.start]
[E:817b6e6f-3406-4475-8ce4-c3352db4640e] [R:7659665c-44e1-415d-8df6-0e88c4c70d0a] [T:2022-07-21 14:05:59.822297] [U:admin@org1.com] [A:train.abort]
[E:79dfbdb0-04cc-49ae-8584-76754aa6ff0c] [T:2022-07-21 14:06:04.441245] [U:] [A:__aux_command__]
[E:008a670c-e8ce-47ea-b877-bff4e8fda8b7] [R:36709357-ba5b-4f16-986b-d4c720aba071] [T:2022-07-21 14:06:21.383617] [U:admin@org1.com] [A:train.deploy]
[E:9d75ed0c-e144-4d51-b2ba-5b24fd04ec84] [R:c83c64fa-6d39-4f58-8ec3-ad0347f820ec] [T:2022-07-21 14:06:25.006484] [U:admin@org1.com] [A:train.start]
[E:5d47816d-ae77-436b-a85d-c0fe0c942d40] [T:2022-07-21 14:06:58.194872] [U:] [A:__aux_command__]
[E:10f56747-d63c-458d-b052-bbb4cbdb2246] [R:a28ac3f0-7f1a-4316-b948-1df21a0515b1] [T:2022-07-21 14:07:47.404120] [U:admin@org1.com] [A:train.deploy]
[E:4d6b6a8e-6e50-4e18-a361-d85a5b8312d3] [R:b97de0e8-ec67-49fd-9438-6cf9580bda5b] [T:2022-07-21 14:07:49.925604] [U:admin@org1.com] [A:train.start]
[E:27a89a27-5f22-4734-93c7-9fa080c643fe] [T:2022-07-21 14:08:23.731423] [U:] [A:__aux_command__]
[E:f951383c-f9b8-421b-b363-480acc74bbe8] [R:e0677432-864f-4dca-bd0a-9bed111fa383] [T:2022-07-21 14:09:08.292076] [U:admin@org1.com] [A:train.deploy]
[E:4d89110b-c575-4875-90ed-1fc8f5fc600c] [R:36c88866-70c5-4b08-8835-67153d508643] [T:2022-07-21 14:09:10.412534] [U:admin@org1.com] [A:train.start]
[E:fd47d117-e171-4132-a6c3-22442962ba01] [T:2022-07-21 14:16:38.504543] [U:] [A:__aux_command__]
[E:731deb77-33d8-48dd-b511-dc514de02ed3] [R:81c27136-3e09-40a1-a8d1-3f8a2c2ebfe6] [T:2022-07-21 14:20:53.547929] [U:admin@org1.com] [A:train.set_run_number]
[E:31725227-5792-4705-94a0-3f4d1fed540b] [R:edfcbc57-337e-4a7f-bae4-547b97205cc9] [T:2022-07-21 14:21:07.885693] [U:admin@org1.com] [A:train.deploy]
[E:d3883b3f-5fd8-4f2f-a0c9-98f150ff5154] [R:0772f74b-995d-4051-9702-0a33d1f321c7] [T:2022-07-21 14:21:20.625822] [U:admin@org1.com] [A:train.start]
[E:0d8ca4aa-0090-4de1-a4ae-129bb30c09d0] [R:3a11fc4f-42f4-468e-a1f2-ce993b78712c] [T:2022-07-21 14:25:47.309812] [U:admin@org1.com] [A:train.abort]
[E:ea84cb8d-379d-4d09-be82-d5416cb53042] [T:2022-07-21 14:25:52.429711] [U:] [A:__aux_command__]
[E:128439ad-606c-4552-ae17-7ec02acd9d01] [R:50fc259d-d99c-4504-a2be-958ead8bfc2e] [T:2022-07-21 14:26:01.157058] [U:admin@org1.com] [A:train.deploy]
[E:a9689c75-46cf-42b9-ba1a-878eed4cb573] [R:77502329-950b-471f-bcef-3522a124d52b] [T:2022-07-21 14:26:04.780956] [U:admin@org1.com] [A:train.start]
[E:09df515c-6bd0-4919-98a9-461c81a89f91] [T:2022-07-21 14:41:30.663605] [U:] [A:__aux_command__]
[E:d800af72-5c14-4654-b30f-ea2ef1fad505] [R:fd02d6a4-9e09-4186-a6e7-9e7982cabe41] [T:2022-07-21 14:43:42.740361] [U:admin@org1.com] [A:train.set_run_number]
[E:afe22620-7c5d-41fc-a85a-985e46e12f7b] [R:bafabae7-6566-4436-8b8a-979f61c168f9] [T:2022-07-21 14:44:20.720477] [U:admin@org1.com] [A:train.deploy]
[E:bc683619-8a73-4d0a-8833-12160c3007d0] [R:d77a3aab-199d-44e8-b0e8-5a3a19ac8b3b] [T:2022-07-21 14:44:30.954368] [U:admin@org1.com] [A:train.start]
[E:31697be7-6bad-4481-b0a6-f29795d9fc88] [T:2022-07-21 15:20:56.151932] [U:] [A:__aux_command__]
[E:e0217efd-f6ee-4bd7-94a0-20f5731bb39e] [R:ebcbc46f-2a7e-4751-9765-fc43a40546d3] [T:2022-07-21 15:24:53.669053] [U:admin@org1.com] [A:train.set_run_number]
[E:de5cb6ec-0ba5-44dc-a875-0b3000df545f] [R:7fd76962-5299-4319-bd99-68925754bd2f] [T:2022-07-21 15:25:25.438202] [U:admin@org1.com] [A:train.deploy]
[E:f0c098b5-1676-473a-98b8-a2b50b5aa583] [R:901b6f54-83b5-4661-ba45-e990a21b1b9a] [T:2022-07-21 15:25:39.338049] [U:admin@org1.com] [A:train.start]
[E:32ebce3f-b9da-44f6-817e-413f3c398ced] [T:2022-07-21 16:41:30.305172] [U:] [A:__aux_command__]
