[E:d4a329e4-88a3-4980-8cca-80779ed5a9f9] [R:4e3c1c0b-0168-48d1-a83e-9da1a716214a] [T:2022-07-09 09:15:28.854407] [U:admin@org1.com] [A:train.set_run_number]
[E:7c98464b-02b4-4e09-a531-ac80b50aa79f] [R:c056588a-1329-4dc5-a54c-580efffe83c8] [T:2022-07-09 09:15:38.082436] [U:admin@org1.com] [A:train.deploy]
[E:aa3c0c6c-3d05-459b-89c3-5fa869313bc1] [R:265cac2d-e205-45a7-8f1c-a65dae4f650c] [T:2022-07-09 09:16:00.638480] [U:admin@org1.com] [A:train.start]
[E:ee5ccaed-13d5-4618-bcb7-aa00dcd93eed] [R:c3c6c2a8-f788-4cdf-abd2-1b579ab30874] [T:2022-07-09 09:18:11.206140] [U:admin@org1.com] [A:train.check_status]
[E:e89cd55e-3f65-472c-8e38-3665be158ba8] [R:c4724429-a825-4c8c-9255-7af00b8fcd70] [T:2022-07-09 09:18:21.436910] [U:admin@org1.com] [A:train.abort]
[E:ab172d91-1c20-4aa7-b398-90d9fc408c89] [T:2022-07-09 09:18:23.952469] [U:] [A:__aux_command__]
[E:82c97ebe-3200-4782-86e0-1d515bbc9434] [R:48a8ec11-0386-4065-9117-a92114727c34] [T:2022-07-09 09:20:24.376473] [U:admin@org1.com] [A:train.start]
[E:cea9f223-6be4-4be6-b51e-7558b71fbb13] [T:2022-07-09 09:22:54.962805] [U:] [A:__aux_command__]
[E:e420934c-8ad4-4725-b737-10f65b6c28b7] [R:581355f5-904c-48d2-83a5-4f5e9603c3c8] [T:2022-07-09 09:23:42.616344] [U:admin@org1.com] [A:train.check_status]
[E:d132c0ce-47dc-4d4f-b0d0-87f28d91aa5b] [R:2c91c524-7847-4c2d-aed0-4f7d70d65ca8] [T:2022-07-09 09:49:20.116706] [U:admin@org1.com] [A:train.set_run_number]
[E:9d17a184-03bc-450a-9dbf-7cb7896d7550] [R:1d8a4f8f-e362-4a0f-b262-b690c2e29b7c] [T:2022-07-09 09:49:55.892975] [U:admin@org1.com] [A:train.deploy]
[E:01f1f0e7-4466-45a5-b0d1-4a0cf9217dc4] [R:247c954a-9647-4cd6-ab47-077ce89e0cb1] [T:2022-07-09 09:50:03.035932] [U:admin@org1.com] [A:train.start]
[E:0875d2b3-8317-4dd6-8fe3-3b1647bdaf53] [T:2022-07-09 09:50:43.540894] [U:] [A:__aux_command__]
[E:bbab1137-78f1-4f1e-918e-3978f757f1d0] [R:267382a1-3891-4916-8319-df510a46c260] [T:2022-07-09 09:55:50.162257] [U:admin@org1.com] [A:train.check_status]
[E:f292d376-f2d0-48a4-b88e-1140e5ffe380] [R:a5ac20de-ff1c-40e3-9edc-5f9adb73234d] [T:2022-07-09 09:55:57.887693] [U:admin@org1.com] [A:train.set_run_number]
[E:63f090fb-c1b0-4c92-835a-12b6e9d51451] [R:1a8fa96e-3a75-4d4b-b160-c449796f6d6e] [T:2022-07-09 09:56:36.469295] [U:admin@org1.com] [A:train.deploy]
[E:5db94d73-ac4c-452a-b48a-90e28e78a906] [R:c3018519-7e43-4777-8a6c-7234fa537aad] [T:2022-07-09 09:56:49.307103] [U:admin@org1.com] [A:train.start]
[E:1137cf7f-46c3-4969-8f6b-0bb0763c098f] [T:2022-07-09 09:57:28.706535] [U:] [A:__aux_command__]
[E:94c46067-9f4f-49fd-a670-a32d5b83caa8] [R:f139b42b-4aa4-4f7b-b436-538aa4d39fe0] [T:2022-07-09 09:59:21.936146] [U:admin@org1.com] [A:train.shutdown]
[E:9647b43d-d871-4a21-8701-5dbffa9522e6] [R:c583f2e0-d0bf-4e6c-98df-6119d34b98ab] [T:2022-07-09 10:00:17.745004] [U:admin@org1.com] [A:train.set_run_number]
[E:f618074b-382d-475e-a3f5-90dec081318a] [R:3e22baf0-4354-453b-9825-a16afb05081d] [T:2022-07-09 10:00:22.865438] [U:admin@org1.com] [A:train.deploy]
[E:c26d9981-ba2f-4685-a631-e1d6b28654bc] [R:a9c8c055-2944-4f88-9506-44d3e143d02c] [T:2022-07-09 10:00:27.989473] [U:admin@org1.com] [A:train.start]
[E:c1b6cca3-b43e-4413-b113-93f0937d3ee2] [T:2022-07-09 10:01:06.390498] [U:] [A:__aux_command__]
[E:7dbd045f-a5f9-4e3b-8861-e77f579eb046] [R:8b7496c0-25f9-4840-805c-57993039e9c6] [T:2022-07-09 10:01:40.115293] [U:admin@org1.com] [A:train.set_run_number]
[E:be767359-7441-4a44-ad19-510a1d77b9d0] [R:2c89085a-f682-4cd2-9586-dc9f68c256a3] [T:2022-07-09 10:02:24.206711] [U:admin@org1.com] [A:train.deploy]
[E:4644d6a8-357f-41bf-b9a6-b7379b45456f] [R:100bd3cd-773a-4c3c-9da5-d63251a6cc99] [T:2022-07-09 10:02:29.329925] [U:admin@org1.com] [A:train.start]
[E:35a35bf8-2758-4e10-95ec-faf641990afc] [T:2022-07-09 10:06:29.279667] [U:] [A:__aux_command__]
[E:3827ca7f-044d-42bc-aa63-22732e7cc57d] [R:548084a0-be92-4463-8910-feca42cb6451] [T:2022-07-09 11:42:23.790130] [U:admin@org1.com] [A:train.set_run_number]
[E:acad3c0d-786b-4f4a-a492-d6fbe9b8f523] [R:fe44abe8-ee08-4072-8b64-fa27a7a05612] [T:2022-07-09 11:42:34.521081] [U:admin@org1.com] [A:train.deploy]
[E:7f017182-b8ca-4b10-bb1c-e10503f28524] [R:224703ed-7098-41d3-91a4-eff81543c9ad] [T:2022-07-09 11:42:38.644065] [U:admin@org1.com] [A:train.start]
[E:4cd13ffd-d5c7-49fc-a113-8014848f1fe1] [R:4a7f2640-9bba-42ef-87c5-05374f4d21c9] [T:2022-07-09 11:44:23.063293] [U:admin@org1.com] [A:train.abort]
[E:d058a23e-4a26-4282-8057-619134ffa6ca] [T:2022-07-09 11:44:26.079963] [U:] [A:__aux_command__]
[E:86b1be33-dbcd-46c0-b112-c41e8346f08b] [R:0476d107-5729-42f5-808f-ba7f49e51c0e] [T:2022-07-09 11:44:39.415913] [U:admin@org1.com] [A:train.set_run_number]
[E:716bc98d-c04e-4783-88c8-dfc72c8e7d81] [R:ea3493ba-481c-4bf1-bc1a-f25eeabb0d9a] [T:2022-07-09 11:44:45.037845] [U:admin@org1.com] [A:train.deploy]
[E:a4f286d3-f8ca-40bc-a701-cee443c0cccc] [R:c04213d2-c356-4801-91e7-4c418cdcc877] [T:2022-07-09 11:44:50.662884] [U:admin@org1.com] [A:train.start]
[E:71a90987-4acc-4410-a2b8-3674a54be562] [R:171cf390-8cdd-4af7-8b8b-c843809253f7] [T:2022-07-09 11:45:37.276335] [U:admin@org1.com] [A:train.abort]
[E:f7bfc006-3565-4a07-9691-810c730656c4] [T:2022-07-09 11:45:40.393725] [U:] [A:__aux_command__]
[E:efb0cfff-936e-49d8-924a-c7aae5350fd3] [R:0241c55e-e46f-458c-914c-13633ee0785b] [T:2022-07-09 11:46:02.345886] [U:admin@org1.com] [A:train.set_run_number]
[E:df1f925f-d22a-4677-be23-c460023e1671] [R:dde24a60-4f91-4bc8-8930-03f5368103a5] [T:2022-07-09 11:46:06.965703] [U:admin@org1.com] [A:train.deploy]
[E:84573f2a-6e55-4fd0-9484-cfc987434ea5] [R:b63b09c7-de43-4017-be52-7be660263ab1] [T:2022-07-09 11:46:12.089641] [U:admin@org1.com] [A:train.start]
[E:b9f03763-38ee-4033-b5d5-a0ff2b0bde71] [R:f0dae01a-5f30-4025-adb2-17ffc4a9c6d7] [T:2022-07-09 11:48:46.695033] [U:admin@org1.com] [A:train.set_run_number]
[E:e36334f0-6f1a-4577-a75f-8e8b61812797] [R:8f746318-f917-4dca-b967-63bfc2b8fff7] [T:2022-07-09 11:48:58.026820] [U:admin@org1.com] [A:train.deploy]
[E:05afc242-32a3-425f-af96-c455bfd40034] [R:2dc2baeb-79e1-4c94-8c9a-dbcb8327efa4] [T:2022-07-09 11:49:25.693605] [U:admin@org1.com] [A:train.abort]
[E:ac6cdbcf-0be9-4fb4-ba43-03f1fc8b8d8e] [T:2022-07-09 11:49:28.209185] [U:] [A:__aux_command__]
[E:3e2c254c-df5f-485c-908c-5d0c3e639196] [R:1624a621-6f5c-4b44-af5d-5bb290476e51] [T:2022-07-09 11:49:31.326357] [U:admin@org1.com] [A:train.set_run_number]
[E:7dee1a8d-179a-4c58-865f-4133e1249f06] [R:d5392d09-dfcb-4fcf-acf0-43773bbd105b] [T:2022-07-09 11:49:43.560770] [U:admin@org1.com] [A:train.deploy]
[E:84551fff-188c-4c0a-8f12-c0bb894a2d4c] [R:154350b6-2d33-4258-bd14-f93b5a619b06] [T:2022-07-09 11:49:47.683006] [U:admin@org1.com] [A:train.start]
[E:031702ef-311d-4749-8778-6e602083fcf8] [R:bf29088b-6d36-4c27-8c49-438d8f36b355] [T:2022-07-09 11:54:50.261953] [U:admin@org1.com] [A:train.abort]
[E:95740ef4-b74c-4695-bdb7-1ce87fc2f4ba] [T:2022-07-09 11:54:53.378855] [U:] [A:__aux_command__]
[E:b5f9dad3-3632-4145-972b-c5f15042683d] [R:b9908ca8-ae1b-4a74-b9f1-226da1d631bb] [T:2022-07-09 11:54:56.897147] [U:admin@org1.com] [A:train.set_run_number]
[E:b90f980a-e764-4549-ba86-a4e1ae684689] [R:55d7ae03-2ed9-470a-940a-6b5d14d87911] [T:2022-07-09 11:55:28.666641] [U:admin@org1.com] [A:train.deploy]
[E:ccd5e883-cda3-488e-b636-158d763c4aac] [R:dd9fb4dc-3d1c-4751-a0f0-a9ece69edfda] [T:2022-07-09 11:55:33.291027] [U:admin@org1.com] [A:train.start]
[E:da0d6797-8d36-40e2-833c-89123ff28300] [R:e5afc4ac-5873-49ac-ae37-90893321fb57] [T:2022-07-09 11:59:34.359191] [U:admin@org1.com] [A:train.abort]
[E:9685d96f-b6b0-4e85-8500-2325c2cd146c] [T:2022-07-09 11:59:37.476159] [U:] [A:__aux_command__]
[E:4afea7d7-8ce8-4382-b921-467aad2bcc0f] [R:458f241d-45bf-454a-b92e-36e856959bd4] [T:2022-07-09 11:59:42.096238] [U:admin@org1.com] [A:train.set_run_number]
[E:793992f8-ce02-4233-870c-b92eb20442b0] [R:2089071e-a450-456b-9e90-e4326eb3fe47] [T:2022-07-09 11:59:52.326204] [U:admin@org1.com] [A:train.deploy]
[E:a53fc3ab-50d7-4d58-92a1-733fcf0f036f] [R:cbb37ecc-4d5c-427b-a8fa-cdd1858c5123] [T:2022-07-09 11:59:56.448593] [U:admin@org1.com] [A:train.start]
[E:a4397e56-3fdb-44ba-9bfb-9fce3b09e210] [R:5adbd532-9554-47fe-bbb7-fe353cf0ec36] [T:2022-07-09 12:00:19.417986] [U:admin@org1.com] [A:train.abort]
[E:6877300b-afe9-4258-a3d9-8b7233db2751] [T:2022-07-09 12:00:22.534962] [U:] [A:__aux_command__]
[E:c2df5536-311a-439c-bbed-1a91b599c84c] [R:ba61fc60-0e95-40b8-b6b6-bab76c3be2fe] [T:2022-07-09 12:00:59.914579] [U:admin@org1.com] [A:train.start]
[E:c1d0c9f7-7fc4-4833-a7af-7eeda9ffbab2] [T:2022-07-09 12:01:57.249076] [U:] [A:__aux_command__]
[E:56d3765e-bec8-49f5-8e3f-5cbcfd9e11ab] [R:628886e3-4b39-4897-a9e7-ba4a57aa751e] [T:2022-07-09 13:24:45.024120] [U:admin@org1.com] [A:train.set_run_number]
[E:cd447b69-029a-4641-b6e6-fa6a4ebc4d04] [R:a80d64ad-74d5-42e6-8c36-2cd17460ab3f] [T:2022-07-09 13:24:51.146666] [U:admin@org1.com] [A:train.deploy]
[E:82e479f5-965f-4339-adf5-42f6ec61804c] [R:249d0157-bae7-4d8b-9bcc-8629302cd09a] [T:2022-07-09 13:24:56.773218] [U:admin@org1.com] [A:train.start]
[E:6bd27e6c-d2b8-4217-bec1-28b33e4b05b7] [R:845c568f-e463-49ab-9c54-34408e0762ac] [T:2022-07-09 13:26:02.827540] [U:admin@org1.com] [A:train.abort]
[E:545a7199-0459-4e50-81de-3c3d8442fa9e] [T:2022-07-09 13:26:05.443613] [U:] [A:__aux_command__]
[E:1f672b6c-9df0-4634-8675-42ee7fbb5276] [R:1e161389-4778-4492-b138-7705e5f52a41] [T:2022-07-09 13:26:07.458848] [U:admin@org1.com] [A:train.start]
[E:380f969b-ba14-4273-b6bd-64b23292d577] [R:50a069bf-e06f-4551-95e1-77e08f3cd99f] [T:2022-07-09 13:30:16.839825] [U:admin@org1.com] [A:train.abort]
[E:3ba4ff49-f203-4dcf-b7a4-fd8e3b28670f] [T:2022-07-09 13:30:19.356594] [U:] [A:__aux_command__]
[E:33b7c7ea-736a-4e4e-997f-1b24a970e11a] [R:a29c0c3e-4013-491d-9b44-d4bb679f517b] [T:2022-07-09 13:30:40.406645] [U:admin@org1.com] [A:train.set_run_number]
[E:f0cc49a8-ee1f-43fb-a981-bf57c04a69ca] [R:a0ebcb50-96bf-4527-b9cc-ebcd0c43a246] [T:2022-07-09 13:30:46.529871] [U:admin@org1.com] [A:train.deploy]
[E:15d1defc-5bb5-498c-9db5-114f4adf2ed2] [R:abb77bf3-5e99-4516-8d9b-e740e2025bfe] [T:2022-07-09 13:30:53.759950] [U:admin@org1.com] [A:train.start]
[E:8369d478-9883-4fdf-9d36-68755dc0ddf6] [R:c145af01-116a-46f6-9962-c65bd5f8abef] [T:2022-07-09 13:33:03.224790] [U:admin@org1.com] [A:train.abort]
[E:0dbc7fb8-017b-4ef8-a2b3-79b15693866b] [T:2022-07-09 13:33:05.840736] [U:] [A:__aux_command__]
[E:14cb34e1-70eb-46c8-b939-27c895a9c1b7] [R:11d80ff1-636e-4b64-8d9f-9a1eb729d1e4] [T:2022-07-09 13:33:08.858913] [U:admin@org1.com] [A:train.set_run_number]
[E:d9811120-0119-4999-be9b-fe0fc512b213] [R:0ba120ac-8551-41b8-b261-7eac0bb2ce00] [T:2022-07-09 13:33:21.693276] [U:admin@org1.com] [A:train.deploy]
[E:ae9ff8f5-a296-45ba-a83e-1433bf328004] [R:2ebaffae-e40a-4756-94c3-2a54557a5b15] [T:2022-07-09 13:33:27.318728] [U:admin@org1.com] [A:train.start]
[E:b23f2463-3bdb-4d4b-bc81-83c25e0ca4a9] [R:0358289f-ae9b-433f-bf62-33a877701b80] [T:2022-07-09 13:34:55.908490] [U:admin@org1.com] [A:train.abort]
[E:95f427fe-4794-4bd5-a53d-71661f4b9269] [T:2022-07-09 13:34:58.524534] [U:] [A:__aux_command__]
[E:480d58f3-4b96-4c37-8311-3814c1074fa1] [R:109888d6-08cc-49db-98c0-6d45657aef1d] [T:2022-07-09 13:35:09.255338] [U:admin@org1.com] [A:train.set_run_number]
[E:c9b5eec5-8ddc-4a85-8426-3ed777085632] [R:018eb3f2-bc04-4793-a3a2-b84691fcb124] [T:2022-07-09 13:35:15.878560] [U:admin@org1.com] [A:train.deploy]
[E:e09bc51c-7dd5-40b5-832f-595a0bcce2cf] [R:8acf6508-eea6-46d7-889d-cb68daacd79f] [T:2022-07-09 13:35:21.002977] [U:admin@org1.com] [A:train.start]
[E:74510736-a88b-4b7f-a26c-e6a482cc3c61] [R:00d25b2e-5b77-4cbe-a96c-4040f3f3deaa] [T:2022-07-09 13:36:58.310738] [U:admin@org1.com] [A:train.abort]
[E:b1b7324d-9fcb-4b0d-b8c5-e9cf14f92df6] [T:2022-07-09 13:37:00.826649] [U:] [A:__aux_command__]
[E:a53a8af6-5b2a-44a6-9f41-ad578130d235] [R:1bf2fcdc-b3c5-4fa0-8832-212868501cb7] [T:2022-07-09 13:37:16.166563] [U:admin@org1.com] [A:train.set_run_number]
[E:9dd734dc-0ed5-4c0b-af75-753c5426a036] [R:498779b7-5b89-4c97-8b41-120992cca5bb] [T:2022-07-09 13:37:25.895581] [U:admin@org1.com] [A:train.deploy]
[E:02b39b74-a64f-4235-b9db-eddda8f8cd94] [R:7c63a51e-cc5e-471c-ae14-fcbf399547fb] [T:2022-07-09 13:37:30.519167] [U:admin@org1.com] [A:train.start]
[E:4266e471-50ee-4143-8531-be9eaea54d53] [R:50fb0eb8-d2cc-4a05-88b2-8caf32f97f8e] [T:2022-07-09 13:37:59.749464] [U:admin@org1.com] [A:train.shutdown]
[E:84237a9c-e45c-40cd-88be-9cfcdcc6ca20] [R:341399c4-6ce2-4d52-8ae9-0f461a4a99ca] [T:2022-07-09 18:30:41.922631] [U:admin@org1.com] [A:train.set_run_number]
[E:994291cb-8042-4318-9147-3097f4fa7497] [R:f12f326d-580a-4335-8f40-b045f663aa0a] [T:2022-07-09 18:30:49.146834] [U:admin@org1.com] [A:train.start]
[E:fcd81f97-e2f2-4a18-bfa6-489521d4998b] [R:bd521705-9e03-4ec4-8a0a-244ef0c1f2e0] [T:2022-07-09 18:32:16.729999] [U:admin@org1.com] [A:train.abort]
[E:0066c001-f16b-4cb7-8937-192bf14cb281] [T:2022-07-09 18:32:19.345841] [U:] [A:__aux_command__]
[E:3da76fb2-2584-4757-ae3e-27677b00794e] [R:ccf99759-ec68-4869-b62b-de22f9b76ec3] [T:2022-07-09 18:32:21.862494] [U:admin@org1.com] [A:train.set_run_number]
[E:87cf27d9-e5c8-4ad6-9cfc-2b839933337b] [R:1a74b0d2-1cf9-4c58-abe1-91e77ff35823] [T:2022-07-09 18:32:37.800803] [U:admin@org1.com] [A:train.deploy]
[E:b24316e9-79a8-407c-bb85-01a546c2be65] [R:d7294e3c-18c3-4199-84c1-a7d8c0e0aa43] [T:2022-07-09 18:32:41.924170] [U:admin@org1.com] [A:train.start]
[E:74063fa3-a645-4fe0-82a4-7e09fb92ff5f] [R:dd97dc78-ab2b-4d18-ba07-d4d9e6551129] [T:2022-07-09 18:33:21.226649] [U:admin@org1.com] [A:train.abort]
[E:9f5cd2c3-b7fb-43af-b38c-2bba1915420f] [T:2022-07-09 18:33:23.742371] [U:] [A:__aux_command__]
[E:1503e0e8-91ed-4273-aa1f-363fe933d6bd] [R:a7525f50-4b26-4e89-a612-fadd49ebda83] [T:2022-07-09 18:33:32.469644] [U:admin@org1.com] [A:train.set_run_number]
[E:c8810da9-8d5c-42bb-bbc1-2fedcd1d6ee9] [R:59aa61fc-ea0c-47b8-8a3b-881f9e449f0d] [T:2022-07-09 18:33:36.588601] [U:admin@org1.com] [A:train.deploy]
[E:d0ae5954-d112-416d-be61-a3afd2c0f8c8] [R:6b063a9c-d93e-45f4-aabc-084dc4b90eb8] [T:2022-07-09 18:33:41.215023] [U:admin@org1.com] [A:train.start]
[E:63602c7e-6d4d-4556-bacb-0da03b390f44] [R:178106e2-58b4-4294-a2d9-546179b18d42] [T:2022-07-09 18:36:25.129305] [U:admin@org1.com] [A:train.shutdown]
[E:888b2c8a-25b9-45fa-8da8-6c78eae5a29f] [R:799b79b4-6300-422f-b510-262a3b60233c] [T:2022-07-09 18:37:18.734526] [U:admin@org1.com] [A:train.set_run_number]
[E:1cfeb801-f58a-47b7-b9f2-a8e9d5b4bbc9] [R:df4318b6-ace0-42b5-a987-9d7f11d11b6c] [T:2022-07-09 18:37:31.567904] [U:admin@org1.com] [A:train.deploy]
[E:3198b187-d8b2-499f-810b-4e0bcee1527f] [R:a232d128-e688-40df-bcfb-9e3b34d2b37c] [T:2022-07-09 18:37:37.193280] [U:admin@org1.com] [A:train.start]
[E:7f5f320c-b5ca-4ed5-a727-6777646c1cea] [R:81bc60eb-b77b-4368-b43f-70237d4083f5] [T:2022-07-09 18:40:25.110770] [U:admin@org1.com] [A:train.abort]
[E:aa2c8be7-9238-46dc-b0f8-ca6c96d19f46] [T:2022-07-09 18:40:27.626087] [U:] [A:__aux_command__]
[E:f101f522-9184-4ad9-be67-d14aa7099b00] [R:f34c0bb6-dc80-4af8-85e4-08cdbf7eef2a] [T:2022-07-09 18:40:34.347737] [U:admin@org1.com] [A:train.start]
[E:91ebe364-2a6f-445d-8dc1-b06775d6fdd0] [T:2022-07-09 18:41:09.636372] [U:] [A:__aux_command__]
[E:70192fa0-2f0b-4b08-9951-ccee7ddc66c0] [R:0558bd41-862f-4c85-ae77-dee2dce671ab] [T:2022-07-09 18:42:57.785252] [U:admin@org1.com] [A:train.set_run_number]
[E:3670f870-4a37-491f-8d39-83165183a908] [R:cdc7470f-43c0-44bf-8678-7b4f23bc2e3a] [T:2022-07-09 18:43:08.608376] [U:admin@org1.com] [A:train.deploy]
[E:34d17045-58d9-4542-b2e8-711a452f5243] [R:258fefe3-22f2-4305-96d5-3032ab124920] [T:2022-07-09 18:43:13.725014] [U:admin@org1.com] [A:train.start]
[E:977fa696-ab03-4ec8-b968-345a36e5a595] [T:2022-07-09 18:43:46.995436] [U:] [A:__aux_command__]
[E:17c8d54a-b4a1-414f-85ad-ef0284f54270] [R:7ff8f412-85ba-4fdc-8827-0b0a7f388c2f] [T:2022-07-09 18:44:23.391960] [U:admin@org1.com] [A:train.set_run_number]
[E:f095b527-a95b-4299-ab73-e1b66453a5b4] [R:d7eaabd6-550c-4b29-bd65-e646fcae2ec9] [T:2022-07-09 18:44:34.222059] [U:admin@org1.com] [A:train.deploy]
[E:b0fbeb5c-f4ef-4200-ab03-75b746449909] [R:9811be1b-59c4-49d0-91e3-271a337e8ee3] [T:2022-07-09 18:44:39.847131] [U:admin@org1.com] [A:train.start]
[E:b904f8f6-0236-4474-8d59-4d0dbf00ced8] [T:2022-07-09 18:45:13.133167] [U:] [A:__aux_command__]
[E:1e03b228-23ec-4e00-88b3-fab0ad2bfa90] [R:0e25b377-e44a-41c9-9217-c32579e38964] [T:2022-07-09 18:45:51.637778] [U:admin@org1.com] [A:train.set_run_number]
[E:220ea71f-5c78-4649-b79e-7bbf9552743e] [R:f76d1b6f-39a8-4eca-b01a-061814a6c685] [T:2022-07-09 18:46:01.867218] [U:admin@org1.com] [A:train.deploy]
[E:bcbb88a7-af8e-4b2d-ba12-083510716a70] [R:8e7217ab-95c7-4715-85d3-6d13d54a9655] [T:2022-07-09 18:46:05.989251] [U:admin@org1.com] [A:train.start]
[E:cc4fcdb3-582d-4c3f-b865-b54e55abd3f1] [T:2022-07-09 18:46:43.384365] [U:] [A:__aux_command__]
[E:ef2768d8-d923-469e-8a78-0b8dd5fcf66a] [R:bd24c8c7-4ae6-4008-9ea7-a7b822a45fe6] [T:2022-07-09 18:50:11.990072] [U:admin@org1.com] [A:train.set_run_number]
[E:233a4f27-c9d2-4cd9-a14f-a8550be038ae] [R:31d7e452-6630-42be-9ebb-915cfbfbddce] [T:2022-07-09 18:50:22.721047] [U:admin@org1.com] [A:train.deploy]
[E:ee0ed910-3d1b-447d-b38a-65c6078a8cba] [R:0c7cab5c-20e9-4731-a73f-41382eba980b] [T:2022-07-09 18:50:27.345904] [U:admin@org1.com] [A:train.start]
[E:0118dd91-fb71-4f2e-800b-e632af4b1b73] [T:2022-07-09 18:51:00.633043] [U:] [A:__aux_command__]
[E:82cbfd14-ef5a-4f87-aa41-86e104990113] [R:35e3850c-80e5-4ec4-88b9-5488950a48a9] [T:2022-07-09 19:05:43.576336] [U:admin@org1.com] [A:train.set_run_number]
[E:1840b18f-3122-4e70-b739-f54e7d41dabf] [R:68d0a0c4-bbe1-49cc-96aa-28e75c0df336] [T:2022-07-09 19:05:47.695280] [U:admin@org1.com] [A:train.set_run_number]
[E:31add89e-1026-4221-a301-879168b9e481] [R:ba4b23d6-b3f8-430c-8c38-aedbec6aa82f] [T:2022-07-09 19:06:02.532657] [U:admin@org1.com] [A:train.deploy]
[E:eec61abf-b2c5-4627-afb0-28d6cf0a3548] [R:745e4792-de88-4419-bf38-dd5e08bda3d1] [T:2022-07-09 19:06:07.155824] [U:admin@org1.com] [A:train.start]
[E:42af5aaf-74af-474b-a1a0-51607304ea93] [R:963a2957-d475-466b-9c7f-b88a88296da5] [T:2022-07-09 19:07:55.255490] [U:admin@org1.com] [A:train.check_status]
[E:250f41d7-2275-4b6a-bfa9-1a3dccec6970] [R:73ab24da-d5a6-412e-a755-ca38f2321da8] [T:2022-07-09 19:10:24.924912] [U:admin@org1.com] [A:train.abort]
[E:9e005f55-2868-4363-9ddf-a31ba923a7bb] [T:2022-07-09 19:10:29.544108] [U:] [A:__aux_command__]
[E:ecc8dd60-64db-4118-ada1-721afc7a131d] [R:dabbb7fe-21ee-4830-9d04-b61508ab5fcf] [T:2022-07-09 19:10:35.165900] [U:admin@org1.com] [A:train.set_run_number]
[E:afdf804f-5eb1-4ece-9eac-2eb6c21d97cc] [R:245b1f36-c18f-4ff1-b3e7-369d43d6051a] [T:2022-07-09 19:10:44.994374] [U:admin@org1.com] [A:train.deploy]
[E:4eb8d4c9-1d7f-4f27-b294-1b85fcd7cc49] [R:970a2cc3-6a45-48c5-bc79-23d00e706f74] [T:2022-07-09 19:10:49.016977] [U:admin@org1.com] [A:train.start]
[E:2a05c6eb-b746-4ae5-8171-2a8f79134efa] [T:2022-07-09 19:17:48.059232] [U:] [A:__aux_command__]
[E:a5b84ede-7783-466e-95eb-fb20565ef05e] [R:b7d28b2d-2069-48d2-b35f-02cb8aaa98c9] [T:2022-07-09 19:19:34.655692] [U:admin@org1.com] [A:train.shutdown]
[E:3e2d9892-3389-4f16-9ce4-f62b4d00d500] [R:695eca5c-055e-4c5b-b6ed-8e4ad070be0e] [T:2022-07-10 08:31:49.363971] [U:admin@org1.com] [A:train.set_run_number]
[E:37e6b17f-fdd9-4395-92ea-a9f7e57ac81e] [R:5543f7d1-b575-4cec-8f90-f717b55a55c1] [T:2022-07-10 08:31:53.983645] [U:admin@org1.com] [A:train.start]
[E:db255cb8-852a-4d4c-b6cb-a17047ce383d] [R:fd4b4330-9ff7-4232-8e63-212c5b9dc271] [T:2022-07-10 08:32:44.704146] [U:admin@org1.com] [A:train.abort]
[E:f8970e91-3767-4219-83aa-8114c0d341e7] [R:c003ebae-13f3-4120-a67d-fdc984ce3717] [T:2022-07-10 08:32:46.218151] [U:admin@org1.com] [A:train.abort]
[E:af284eeb-2b6a-453e-9f6c-fccb54c90515] [T:2022-07-10 08:32:47.732194] [U:] [A:__aux_command__]
[E:0d0df258-e8c5-404e-8f2a-7d154b38d365] [R:1134f850-9115-4f07-9c9b-2f434fb15f56] [T:2022-07-10 08:32:48.244915] [U:admin@org1.com] [A:train.start]
[E:e7b590cb-b4bd-47ce-83aa-c076ff9ca78f] [R:00799357-b453-4100-91bf-a114db2d6152] [T:2022-07-10 08:36:14.631834] [U:admin@org1.com] [A:train.abort]
[E:c7103845-eec4-4573-8cc5-52a1ddce22e8] [T:2022-07-10 08:36:17.247416] [U:] [A:__aux_command__]
[E:99a0bd71-502e-4588-bdf5-14afd7fd0f0b] [R:53b36ec9-2dfc-4e67-a646-d487b42d0868] [T:2022-07-10 08:36:23.369613] [U:admin@org1.com] [A:train.start]
[E:0eec341c-66cb-40c8-b5d0-270c7d937523] [T:2022-07-10 08:40:22.412144] [U:] [A:__aux_command__]
[E:eae8391f-7c1d-4717-af74-cd1315ed776c] [R:2ae4ef39-78a6-4d9b-8bbb-7e9710801738] [T:2022-07-10 08:41:20.266863] [U:admin@org1.com] [A:train.check_status]
[E:a8e19514-d24b-4d0c-9e5b-2666324d19b3] [R:ef0619fc-0703-460d-b15c-0cd6c97f42d8] [T:2022-07-10 09:25:28.907424] [U:admin@org1.com] [A:train.check_status]
[E:465b93c1-d119-46fe-8d17-ae142b807f55] [R:46d22c3e-b54b-4858-81a1-ac7133ec78f3] [T:2022-07-10 09:25:46.851800] [U:admin@org1.com] [A:train.set_run_number]
[E:0c0d155e-e8cc-4d08-8718-4537d28de672] [R:c933f02c-9743-4958-b5d3-ca49c16a20fa] [T:2022-07-10 09:26:34.950850] [U:admin@org1.com] [A:train.deploy]
[E:6ca414c5-b137-454c-b5df-9ac7b535170a] [R:931cec7b-0f36-4e2b-8bdd-49cde1886312] [T:2022-07-10 09:26:39.575377] [U:admin@org1.com] [A:train.start]
[E:75bf054e-f19f-4da5-b7f5-02080cbac54e] [R:6c42bf1a-172d-4978-88f3-31d8520367de] [T:2022-07-10 09:27:47.726605] [U:admin@org1.com] [A:train.abort]
[E:529d7fda-51f0-4a2c-9d2b-7aaff34ae93e] [T:2022-07-10 09:27:50.242585] [U:] [A:__aux_command__]
[E:2ce50be4-fbf6-4dfe-96e9-1e3121fcad45] [R:50c10fbb-f585-4b7d-9317-b44f6f6ec8b2] [T:2022-07-10 09:27:50.755222] [U:admin@org1.com] [A:train.set_run_number]
[E:1cb124a5-a205-436c-9a5f-5da6d42fadfd] [R:fcf71dc7-41d4-4070-98c7-fd3aacd88440] [T:2022-07-10 09:28:04.090610] [U:admin@org1.com] [A:train.deploy]
[E:7828ee73-a305-4e0a-baa1-9fe8fde40f7a] [R:0908768c-f2bf-4167-81a0-0874d0348fd4] [T:2022-07-10 09:28:08.213317] [U:admin@org1.com] [A:train.start]
[E:d8d82876-05d0-4ac6-ad73-aa7b1471a146] [T:2022-07-10 09:40:04.596009] [U:] [A:__aux_command__]
[E:de3b9522-4348-405b-bf73-86d03b993d5f] [R:9b8a998d-7c09-4e5e-b5b7-71776539758e] [T:2022-07-10 10:08:52.607187] [U:admin@org1.com] [A:train.set_run_number]
[E:31311251-ac2d-46d0-805d-ddddced5e1ce] [R:ee23d62e-b408-4860-83c5-121b1964355b] [T:2022-07-10 10:12:54.257067] [U:admin@org1.com] [A:train.deploy]
[E:fbc3e174-5054-4c27-af24-d97e7017ef3b] [R:9be48fb4-a4c4-49f7-9a22-e2905befda56] [T:2022-07-10 10:13:00.383012] [U:admin@org1.com] [A:train.start]
[E:79ef2202-f68f-4460-9d61-53624e966046] [T:2022-07-10 10:27:14.207309] [U:] [A:__aux_command__]
[E:ca37fee5-b9c4-4faa-b586-f4cb7689ee3c] [R:08c46544-887a-46ff-8985-8c4c97b77d57] [T:2022-07-10 10:32:31.408141] [U:admin@org1.com] [A:train.set_run_number]
[E:04906e11-c1c4-453f-b454-cbfb7e629580] [R:093fa31a-9283-4bbb-b840-b2bbe5fb4c46] [T:2022-07-10 10:32:34.525594] [U:admin@org1.com] [A:train.set_run_number]
[E:331aabcc-32fa-4b2e-9ccd-23d90c3b3b79] [R:6db16988-f7b2-4e18-bfbe-3b72cb850a25] [T:2022-07-10 10:32:55.075042] [U:admin@org1.com] [A:train.deploy]
[E:1204df16-63df-4438-8e11-37009311f5fd] [R:9d6f8fc1-9e0d-40d4-8d04-570d6f239619] [T:2022-07-10 10:32:59.099706] [U:admin@org1.com] [A:train.start]
[E:2d180d94-d225-4132-ab90-3e6ef3894857] [T:2022-07-10 10:47:47.495014] [U:] [A:__aux_command__]
[E:38b3dd95-6a87-47ac-9ed0-d8d0e595aa33] [R:3356f3f8-8887-4487-99ba-b264930e69d8] [T:2022-07-10 11:07:26.856503] [U:admin@org1.com] [A:train.set_run_number]
[E:40f96d2e-ad09-4a97-8eb4-ba0a18927a0a] [R:6b515bd5-ce5d-44f4-a6a3-62d545343b65] [T:2022-07-10 11:07:40.192442] [U:admin@org1.com] [A:train.deploy]
[E:c92ff2c7-18de-42d6-993a-2c8a4b37dfd0] [R:c7860146-ae8e-4569-bfdc-8bb42dd58f55] [T:2022-07-10 11:07:47.420490] [U:admin@org1.com] [A:train.start]
[E:fefd238e-201f-4d2a-bd32-9e5a963aff9b] [R:54b937e4-b11f-4976-a53a-2d6518bcbb15] [T:2022-07-10 11:09:06.988719] [U:admin@org1.com] [A:train.abort]
[E:55b21ddb-af55-4ebe-94d9-495dce1429e9] [T:2022-07-10 11:09:11.507779] [U:] [A:__aux_command__]
[E:6d2575fe-96f9-409f-9441-dee44323a48b] [R:46d14359-da09-479c-8063-ca80c9b65318] [T:2022-07-10 11:11:08.428566] [U:admin@org1.com] [A:train.set_run_number]
[E:c0733027-2c5c-4596-8830-6141762df39f] [R:c97e0d6a-8659-474d-b3ff-40a3b281f849] [T:2022-07-10 11:11:15.654604] [U:admin@org1.com] [A:train.deploy]
[E:54296871-cf9e-4edb-9331-9542b196b7d6] [R:74565a96-7c78-49cc-9f3a-c88c7bc15969] [T:2022-07-10 11:11:18.676145] [U:admin@org1.com] [A:train.start]
[E:511c4877-a023-4058-85d3-84ca240be226] [R:63e0827f-aa37-47e2-a2c3-a868c25f57a5] [T:2022-07-11 02:09:16.779188] [U:admin@org1.com] [A:train.set_run_number]
[E:b0bf7d49-5f47-4808-8736-3fe9be3b3a16] [R:62fa8bfa-4c1c-498a-aafa-b521df451b8d] [T:2022-07-11 02:09:28.111800] [U:admin@org1.com] [A:train.deploy]
[E:92a58712-abb9-48c0-8b22-ecdfd5bfdbf8] [R:3d685afb-a34a-4a77-b9ee-1ba002c30e49] [T:2022-07-11 02:09:32.636255] [U:admin@org1.com] [A:train.start]
[E:baa6469a-221e-4a1b-890c-0ea9db8bd4fc] [R:e528df14-447d-4d77-8f30-b21fb2fe2a9e] [T:2022-07-11 02:12:17.577247] [U:admin@org1.com] [A:train.abort]
[E:b9f0b1e0-6307-4ac7-8bba-d1b72023601c] [T:2022-07-11 02:12:20.093004] [U:] [A:__aux_command__]
[E:de252862-af49-4e09-ba34-05bf6aacd73c] [R:565e1049-aece-4d19-9b88-e4355c4d958f] [T:2022-07-11 02:12:21.654587] [U:admin@org1.com] [A:train.start]
[E:9c043463-6a1d-4c07-8ae2-a387e1728fe7] [R:c2c6f2d9-d40c-419b-ba3d-e96a9a897568] [T:2022-07-11 02:13:15.380379] [U:admin@org1.com] [A:train.abort]
[E:451eed0a-b428-4bf8-9608-35ae799475f0] [T:2022-07-11 02:13:17.996344] [U:] [A:__aux_command__]
[E:40e8fa42-1ffa-4fb7-ac65-f681aa9ba10b] [R:61b6b9ce-5776-45d5-bc7c-a0420afe2e71] [T:2022-07-11 02:13:26.122638] [U:admin@org1.com] [A:train.set_run_number]
[E:f6b1e403-63b4-4f0d-9b6b-a600ac33a599] [R:a7b0ded7-c2e7-4dbc-9034-4d4b831b3128] [T:2022-07-11 02:13:38.957258] [U:admin@org1.com] [A:train.deploy]
[E:18e90946-a86e-4957-b61e-3c11fca3a7d5] [R:9deab06d-7b0d-4c6e-b0a5-2059280afa76] [T:2022-07-11 02:13:44.081808] [U:admin@org1.com] [A:train.start]
[E:220f967c-f89b-48ce-872e-3c4b51dce898] [R:3c40dba4-3563-40bb-8c02-e972213640af] [T:2022-07-11 02:35:18.052463] [U:admin@org1.com] [A:train.abort]
[E:9e89a684-fb5b-4b1e-abfe-a3f5fc689d66] [T:2022-07-11 02:35:23.172853] [U:] [A:__aux_command__]
[E:67fef7c4-eef2-4aa9-bc2f-e1003846a529] [R:74747aa1-3b7b-427e-9ca3-4f3abffa1fbf] [T:2022-07-11 02:35:26.290107] [U:admin@org1.com] [A:train.shutdown]
[E:81485ceb-6998-4788-9337-83d49c8e1e4a] [R:8b63c2fe-a0c1-4ee0-bd42-d2dd56d800da] [T:2022-07-11 04:23:24.646752] [U:admin@org1.com] [A:train.set_run_number]
[E:d3a898dc-1faa-4a59-a10f-a8ceebc4df12] [R:c21f01d0-fc75-413a-aa24-91c0d899569a] [T:2022-07-11 04:23:37.479717] [U:admin@org1.com] [A:train.set_run_number]
[E:43a9330a-f827-4fd5-b47e-852a2e32d5ab] [R:5519c679-88bd-4276-b710-036e1993ab5b] [T:2022-07-11 04:23:41.097645] [U:admin@org1.com] [A:train.start]
[E:3e967df0-2974-44f8-8e17-92f5ef0ecba1] [T:2022-07-11 06:47:49.411966] [U:] [A:__aux_command__]
[E:fe5b387a-3935-45bd-99c0-130a0178cc99] [R:595995a7-4943-4311-8b9c-e62f5627fe23] [T:2022-07-11 10:27:31.281081] [U:admin@org1.com] [A:train.shutdown]
[E:bb10a619-cb18-45ef-9351-a9a41dbdf14b] [R:55d42fa9-8028-44ee-b777-335ece034ab5] [T:2022-07-11 10:28:28.992767] [U:admin@org1.com] [A:train.set_run_number]
[E:d0dd377a-1451-422f-bd5f-4da5abb85293] [R:c10f9a39-abf6-4952-9ec6-6b02c45f83d0] [T:2022-07-11 10:29:55.359685] [U:admin@org1.com] [A:train.deploy]
[E:eb8e4781-58e1-4bbf-8705-215dd2d502e4] [R:06ab4699-39b1-4a90-bde0-5c9aa3b85559] [T:2022-07-11 10:29:59.984033] [U:admin@org1.com] [A:train.start]
[E:e98bb78a-b7ed-4f4a-a5cb-75f9cd9771ac] [R:b41f5309-01a1-4232-a26e-bc700c4f1b3d] [T:2022-07-11 10:30:40.987611] [U:admin@org1.com] [A:train.abort]
[E:9f52df3c-cf29-4a8c-996f-dfa6a5bc84fa] [T:2022-07-11 10:30:44.605546] [U:] [A:__aux_command__]
[E:3d9d278c-b622-43ee-b7ea-06b5a44b8f2b] [R:5d709352-33b2-444e-9d74-852ac2ff3677] [T:2022-07-11 10:30:45.619355] [U:admin@org1.com] [A:train.set_run_number]
[E:ee6ee678-8552-4214-9cf4-d6fb5c010ef1] [R:fa65a31b-28fd-49de-b8d1-ce92758d61c6] [T:2022-07-11 10:30:56.450148] [U:admin@org1.com] [A:train.deploy]
[E:8b377ce1-74ba-4828-ae32-462686709850] [R:c87d654e-4186-48fc-95d9-581cf1470235] [T:2022-07-11 10:31:00.472876] [U:admin@org1.com] [A:train.start]
[E:1ce62e61-c784-4894-a33c-803b754d70e0] [T:2022-07-11 15:30:46.738009] [U:] [A:__aux_command__]
[E:5aae565d-a21c-413a-b692-8243cc08c20c] [R:42d4ff3b-2d76-4b25-ba9c-fb6a56a08397] [T:2022-07-18 08:25:12.786784] [U:admin@org1.com] [A:train.set_run_number]
[E:91c545e5-ba56-4c80-8a0d-b8f282c0dcae] [R:ad02d091-b896-4b26-aee1-3363a9205f4d] [T:2022-07-18 08:25:17.907677] [U:admin@org1.com] [A:train.deploy]
[E:ec4f36c2-c4d4-466c-9bb7-81d38fa24d09] [R:95fc87aa-1983-4394-980c-35703156d8ee] [T:2022-07-18 08:25:23.032789] [U:admin@org1.com] [A:train.start]
[E:8ac4b3fc-25dd-4593-9980-f9257e24cf26] [R:3dda8ff5-0a71-4a4a-aca3-a1219b648d93] [T:2022-07-18 08:26:31.177722] [U:admin@org1.com] [A:train.abort]
[E:b5387eb5-3430-4b89-a253-ea93f93cdf5d] [T:2022-07-18 08:26:35.814989] [U:] [A:__aux_command__]
[E:3779344d-5193-4116-8121-607e3c6718b4] [R:a85a2a05-5267-4698-8ac4-7cb221001d9f] [T:2022-07-18 08:32:08.130413] [U:admin@org1.com] [A:train.set_run_number]
[E:0ccc701b-4977-42f4-90f6-4a23df94d353] [R:e5c6dbc3-6255-40aa-9b5c-c6a4c7c67ffa] [T:2022-07-18 08:32:18.360273] [U:admin@org1.com] [A:train.deploy]
[E:f2283812-d29f-48c3-966a-6c0a6dfd2e04] [R:504113e7-8654-4674-be58-a15ed08b7d71] [T:2022-07-18 08:32:26.992273] [U:admin@org1.com] [A:train.start]
[E:f315e329-dd09-4488-8595-5499df46c16b] [R:b79d4c87-20aa-426d-946d-f141263ab1b8] [T:2022-07-18 08:35:47.973009] [U:admin@org1.com] [A:train.abort]
[E:dfeeb3e1-bcde-4b40-8103-3a4a0e641b81] [T:2022-07-18 08:35:53.092591] [U:] [A:__aux_command__]
[E:5ae63710-17c0-4d06-b6ac-34fad7461448] [R:254b2022-6c41-4b13-a00f-224a2fac7a46] [T:2022-07-18 08:35:55.608821] [U:admin@org1.com] [A:train.set_run_number]
[E:cb9cc28c-d8d8-4e2c-8dc1-aba0c84dd714] [R:dca5cbf9-cddf-447c-ba10-6bfb9d4521d4] [T:2022-07-18 08:36:04.335831] [U:admin@org1.com] [A:train.deploy]
[E:37c25548-ba37-41f1-bb8b-c4a81031f837] [R:475df9c5-9300-4839-8696-84c26216d08f] [T:2022-07-18 08:36:08.959226] [U:admin@org1.com] [A:train.start]
[E:7af3e5e9-4b61-462b-8a6a-25a6a64de15e] [T:2022-07-18 08:43:31.149829] [U:] [A:__aux_command__]
[E:67438327-b8ec-49d6-b2c5-82bb3fe5703c] [R:e1a7cc02-5a3f-45ca-94e9-c1b91cae0597] [T:2022-07-18 08:44:53.134548] [U:admin@org1.com] [A:train.set_run_number]
[E:45672b49-4f10-429e-bdd6-729db9c3b60b] [R:fa38d297-a95d-4e79-99f9-044ba2c627aa] [T:2022-07-18 08:44:57.754295] [U:admin@org1.com] [A:train.deploy]
[E:7047ea01-42a5-4126-86d1-bf6c69a73654] [R:82b2f8c2-2757-47f7-93a6-6478dde1dae4] [T:2022-07-18 08:45:03.379752] [U:admin@org1.com] [A:train.deploy]
[E:75b6c357-4fcf-4ebe-b13c-68f52f8b74d6] [R:e94dc8a5-380e-42ba-bd73-f72c1cc97dde] [T:2022-07-18 08:45:13.113213] [U:admin@org1.com] [A:train.start]
[E:c22be908-b0b0-4153-ba56-d8d505af98ca] [T:2022-07-18 08:52:38.897991] [U:] [A:__aux_command__]
[E:c9f96d9b-42e8-467a-83ba-dd578a5d6395] [R:0645f0b9-e2b7-4057-a8fc-56a06a962081] [T:2022-07-18 08:55:28.378546] [U:admin@org1.com] [A:train.set_run_number]
[E:b706c7f3-4ab7-4040-ab6a-60e994ecdfbd] [R:47cd63f0-4c43-4e6c-ae71-f73b169b042b] [T:2022-07-18 08:55:37.607117] [U:admin@org1.com] [A:train.deploy]
[E:d20b44d1-8e69-4ad1-abc2-b0cc00ff8673] [R:6e31a57a-fa6b-47fd-826d-bf2b9cd468a9] [T:2022-07-18 08:55:55.957730] [U:admin@org1.com] [A:train.start]
[E:48011c65-8b56-4ba1-986f-7bd000880edc] [R:71938fac-68eb-4a2a-9432-ddd0119fcc2e] [T:2022-07-18 09:20:07.829642] [U:admin@org1.com] [A:train.check_status]
[E:40969a76-b03d-4f55-b57d-c84dd7a8eb08] [T:2022-07-18 09:30:21.352364] [U:] [A:__aux_command__]
[E:0fdaf7ff-d7e7-40e7-9f26-3c154d34cc6a] [R:6c91dd98-d616-4926-a7da-73c9fab2e328] [T:2022-07-18 09:32:52.348202] [U:admin@org1.com] [A:train.set_run_number]
[E:005ee644-055c-4192-8fb2-cc8f5d886920] [R:525fc5d9-0e42-4a46-bb98-65ebd8ef25d0] [T:2022-07-18 09:33:02.578008] [U:admin@org1.com] [A:train.deploy]
[E:db889764-b5d2-4623-9609-0842af596141] [R:d10dd469-4c42-43cb-9155-8ef3c05e992e] [T:2022-07-18 09:33:24.633742] [U:admin@org1.com] [A:train.start]
[E:cef39c3a-d3b3-462f-b992-2611ebd91f18] [R:9cf83eaf-f35f-4edb-a04b-f0ea993be0fb] [T:2022-07-18 13:08:23.081865] [U:admin@org1.com] [A:train.set_run_number]
[E:07e6a108-b8af-434c-a8ee-5f150e303226] [R:0a568930-ab30-4e8b-bf56-5aa2b4fe69fc] [T:2022-07-18 13:08:26.098698] [U:admin@org1.com] [A:train.start]
[E:2f4da44c-97b8-4ad6-8f13-25b93b356de5] [R:117922a3-e68e-4d3b-8dd5-0a71172403c5] [T:2022-07-19 10:07:08.917364] [U:admin@org1.com] [A:train.set_run_number]
[E:35a624ae-18c2-485d-89e9-2493dd0c8ebe] [R:b26b55e0-1e9a-490a-952e-cf5bf5cf4aaa] [T:2022-07-19 10:07:39.684680] [U:admin@org1.com] [A:train.deploy]
[E:e04d7d8a-6f48-4e35-a219-abc58d66d171] [R:35c7db61-ca0f-425e-bead-b4d4a5723b0d] [T:2022-07-19 10:07:45.812756] [U:admin@org1.com] [A:train.start]
[E:a6224154-f100-42c8-b6d4-c2b88a543bd3] [T:2022-07-19 12:30:54.223130] [U:] [A:__aux_command__]
[E:a448f5a2-7661-446a-af4a-055d5c37013d] [R:ba13d781-9a53-4d33-92dc-896320b6983e] [T:2022-07-19 13:18:17.923445] [U:admin@org1.com] [A:train.set_run_number]
[E:73cccfcb-0f33-4d53-83a3-82d6fdec9b73] [R:7cdffe02-2ad9-48e8-947d-3a88fd8ce590] [T:2022-07-19 13:18:30.157020] [U:admin@org1.com] [A:train.deploy]
[E:3fbe7f8d-8190-4c11-999b-a8e3025efee6] [R:bb98428d-6094-4a3a-bf51-3878f33c06a9] [T:2022-07-19 13:19:11.649728] [U:admin@org1.com] [A:train.start]
[E:e7c9ffa7-b157-4820-8dde-3ee8539dba90] [T:2022-07-19 13:19:50.550179] [U:] [A:__aux_command__]
[E:0b0fe0fa-2697-4206-a233-b78bb6914bff] [R:19aa5f1e-e834-49a7-b0ca-6aa4ad1492e5] [T:2022-07-19 13:20:45.377169] [U:admin@org1.com] [A:train.set_run_number]
[E:abbb61a8-4201-4f41-a7fd-11ce3f0edd31] [R:ba7b45eb-7e6d-4a6f-8628-85ab63213667] [T:2022-07-19 13:21:25.362134] [U:admin@org1.com] [A:train.deploy]
[E:e3484b48-9180-499f-b9bb-e2d1744fea65] [R:69ba4ebf-de49-4bc9-8b69-da295ac8fb3d] [T:2022-07-19 13:21:32.490488] [U:admin@org1.com] [A:train.start]
[E:c89126a2-207d-4f15-b1bd-a908b7c99e5d] [T:2022-07-19 13:36:48.167969] [U:] [A:__aux_command__]
[E:61a75d7f-8734-4dbd-9163-8a4fbbeb7677] [R:6bf8a6ce-6f24-4a77-a7bc-ded3b991341b] [T:2022-07-19 13:38:05.507007] [U:admin@org1.com] [A:train.set_run_number]
[E:a1e965e9-32d0-41d5-88ed-730cd961bfb1] [R:02b9b4bd-eb5e-47b8-9116-57a10f7d7379] [T:2022-07-19 13:38:14.734827] [U:admin@org1.com] [A:train.deploy]
[E:4fb58beb-97f3-4b0e-8bc0-f208902fa4ab] [R:d27a5083-b51d-4557-bf99-4834659bb433] [T:2022-07-19 13:38:19.358793] [U:admin@org1.com] [A:train.start]
[E:195d1f4c-62f7-48ca-9454-3fca864a617d] [T:2022-07-19 14:54:44.676595] [U:] [A:__aux_command__]
[E:9b81173e-3655-488b-922f-47d79768e3d1] [R:6b0cd240-7c84-472b-b54e-3a02e401787a] [T:2022-07-19 15:06:34.838114] [U:admin@org1.com] [A:train.set_run_number]
[E:eca72834-99b1-4b1d-8db8-5957a99cb8d9] [R:80fbcd3c-9559-44e3-b6cf-47878356e586] [T:2022-07-19 15:06:45.068267] [U:admin@org1.com] [A:train.deploy]
[E:ede8edf7-93b4-490c-bbab-3182a5730b60] [R:28220fb2-d9b3-4e42-8db9-25d31bb2fe2d] [T:2022-07-19 15:06:49.692888] [U:admin@org1.com] [A:train.start]
[E:c0982b94-a791-4189-a231-39b3a820ab6f] [T:2022-07-19 20:07:18.986582] [U:] [A:__aux_command__]
[E:05e44b4b-fd84-4371-80bb-2420313554d1] [R:5058613f-ac16-4c51-9d5a-4eb9d69cf16c] [T:2022-07-20 02:48:00.277160] [U:admin@org1.com] [A:train.set_run_number]
[E:4d396d29-bbfb-4733-a117-9acb01fed0a9] [R:fb9eff55-229d-42e9-8533-70db6163f08c] [T:2022-07-20 02:48:18.721739] [U:admin@org1.com] [A:train.deploy]
[E:f0c7ad6f-d8d0-4f7b-b88c-502f35e07e1d] [R:523885ed-e280-4310-a45b-edb711ea5704] [T:2022-07-20 02:48:23.846686] [U:admin@org1.com] [A:train.start]
[E:d3f767a0-0970-452c-9849-c6be854df33a] [T:2022-07-20 07:50:35.916354] [U:] [A:__aux_command__]
[E:db470772-5334-4cb5-b935-7206c4de2918] [R:d244d700-d627-4a1f-ae21-c55cc2910540] [T:2022-07-20 14:32:56.275543] [U:admin@org1.com] [A:train.shutdown]
[E:52066068-8fed-4ceb-b09e-80c493e50d9c] [R:9899381e-fbef-42f7-bcfe-cc2b00c76be1] [T:2022-07-21 14:04:30.906920] [U:admin@org1.com] [A:train.set_run_number]
[E:fdc15c61-34a1-4921-85a3-baed3da56b34] [R:a3b37305-a425-4e7e-8453-e98621dfbfc4] [T:2022-07-21 14:04:36.027534] [U:admin@org1.com] [A:train.deploy]
[E:74c44e22-e820-4a92-b0eb-94fe28160ab1] [R:56cc9a29-f3ca-4330-8bf7-c199e0be55e3] [T:2022-07-21 14:04:39.650507] [U:admin@org1.com] [A:train.start]
[E:01cb40fc-d053-4500-bd6a-e7fb08f4f585] [R:068180ca-2c06-46a0-a03e-b9304ef48a17] [T:2022-07-21 14:05:19.553066] [U:admin@org1.com] [A:train.abort]
[E:c35ae4d3-a244-4d3a-9b5e-75fe62966e84] [T:2022-07-21 14:05:22.068962] [U:] [A:__aux_command__]
[E:3e4e35a0-c6a5-45f2-8bef-fe4e010c93a0] [R:820849f5-3f0a-402c-85c5-47e4723aa673] [T:2022-07-21 14:05:41.015413] [U:admin@org1.com] [A:train.deploy]
[E:64c5c5ca-6208-46fb-904e-04d26e555ef8] [R:a003731d-d102-4ada-bbee-2b4fc27e6244] [T:2022-07-21 14:05:45.640648] [U:admin@org1.com] [A:train.start]
[E:0d91f287-8ea2-49f6-962c-835d99a6b3d4] [R:7659665c-44e1-415d-8df6-0e88c4c70d0a] [T:2022-07-21 14:05:59.996061] [U:admin@org1.com] [A:train.abort]
[E:b7e27775-5098-4c19-b554-4d64d2b265b9] [T:2022-07-21 14:06:04.615952] [U:] [A:__aux_command__]
[E:d658cc8c-0f22-4364-9595-e0b32f736b7f] [R:36709357-ba5b-4f16-986b-d4c720aba071] [T:2022-07-21 14:06:21.558499] [U:admin@org1.com] [A:train.deploy]
[E:91a29c9a-84d7-4bb0-876a-de558640b653] [R:c83c64fa-6d39-4f58-8ec3-ad0347f820ec] [T:2022-07-21 14:06:25.181933] [U:admin@org1.com] [A:train.start]
[E:140c5aef-f798-4977-a8fa-60fc8df70bd6] [T:2022-07-21 14:06:58.464907] [U:] [A:__aux_command__]
[E:bf0d4da9-746d-45a6-b2f1-94ae8699a45a] [R:a28ac3f0-7f1a-4316-b948-1df21a0515b1] [T:2022-07-21 14:07:47.614124] [U:admin@org1.com] [A:train.deploy]
[E:d2863494-e298-45ba-99ff-f875910dd30a] [R:b97de0e8-ec67-49fd-9438-6cf9580bda5b] [T:2022-07-21 14:07:50.135561] [U:admin@org1.com] [A:train.start]
[E:0b7ab4d7-6707-43a9-b18e-ebb5f4399397] [T:2022-07-21 14:08:23.932678] [U:] [A:__aux_command__]
[E:e45c9e2f-f409-4f27-8296-e0911f33430c] [R:e0677432-864f-4dca-bd0a-9bed111fa383] [T:2022-07-21 14:09:08.484001] [U:admin@org1.com] [A:train.deploy]
[E:49477adf-e666-4e3d-8cce-0665ac3ec93e] [R:36c88866-70c5-4b08-8835-67153d508643] [T:2022-07-21 14:09:10.504412] [U:admin@org1.com] [A:train.start]
[E:6c2608fb-cdd6-470e-8db3-ad4d063da860] [T:2022-07-21 14:16:38.683893] [U:] [A:__aux_command__]
[E:89e59ec1-a96e-49f6-9482-846ca2df40ef] [R:81c27136-3e09-40a1-a8d1-3f8a2c2ebfe6] [T:2022-07-21 14:20:53.650281] [U:admin@org1.com] [A:train.set_run_number]
[E:9791b5e5-c40e-4441-98b0-eca06c2a3e15] [R:edfcbc57-337e-4a7f-bae4-547b97205cc9] [T:2022-07-21 14:21:07.987737] [U:admin@org1.com] [A:train.deploy]
[E:f20871f3-979f-4fe2-8112-db07926857e6] [R:0772f74b-995d-4051-9702-0a33d1f321c7] [T:2022-07-21 14:21:20.826565] [U:admin@org1.com] [A:train.start]
[E:990e0426-4fc3-47e4-867a-dfcd0010ad0a] [R:3a11fc4f-42f4-468e-a1f2-ce993b78712c] [T:2022-07-21 14:25:47.497725] [U:admin@org1.com] [A:train.abort]
[E:a996ef9d-3911-46cb-9651-b262c37a5f28] [T:2022-07-21 14:25:52.117126] [U:] [A:__aux_command__]
[E:e2a0c186-162e-4912-9a05-74b2f4d594cc] [R:50fc259d-d99c-4504-a2be-958ead8bfc2e] [T:2022-07-21 14:26:01.345563] [U:admin@org1.com] [A:train.deploy]
[E:d53b3e4f-16a9-49c9-814b-2da98d95b6bf] [R:77502329-950b-471f-bcef-3522a124d52b] [T:2022-07-21 14:26:04.368520] [U:admin@org1.com] [A:train.start]
[E:eeaf51fb-9548-4fbf-aaac-625122283624] [T:2022-07-21 14:41:30.666338] [U:] [A:__aux_command__]
[E:9c5f5af2-5051-4cc7-a496-332cc8d3eff2] [R:fd02d6a4-9e09-4186-a6e7-9e7982cabe41] [T:2022-07-21 14:43:42.719064] [U:admin@org1.com] [A:train.set_run_number]
[E:6e5f5971-c0a6-4352-8bd3-b808119e652b] [R:bafabae7-6566-4436-8b8a-979f61c168f9] [T:2022-07-21 14:44:20.699573] [U:admin@org1.com] [A:train.deploy]
[E:d8d31a71-4f20-4e9f-8fb8-03bcf35083dd] [R:d77a3aab-199d-44e8-b0e8-5a3a19ac8b3b] [T:2022-07-21 14:44:31.034119] [U:admin@org1.com] [A:train.start]
[E:9be142fe-9fe4-4802-b8b9-a4795f2efac8] [T:2022-07-21 15:20:55.903448] [U:] [A:__aux_command__]
[E:5869b8aa-311f-4d22-b75d-ec602872d801] [R:ebcbc46f-2a7e-4751-9765-fc43a40546d3] [T:2022-07-21 15:24:53.511103] [U:admin@org1.com] [A:train.set_run_number]
[E:2f85bd28-b0c5-409c-8e40-d4a8519d5c21] [R:7fd76962-5299-4319-bd99-68925754bd2f] [T:2022-07-21 15:25:25.280608] [U:admin@org1.com] [A:train.deploy]
[E:56f1250a-5758-48a5-b951-65beee3a1863] [R:901b6f54-83b5-4661-ba45-e990a21b1b9a] [T:2022-07-21 15:25:39.121803] [U:admin@org1.com] [A:train.start]
[E:b5001da0-04e9-447b-8bad-278af54186a0] [T:2022-07-21 16:41:30.305093] [U:] [A:__aux_command__]
